{"/home/travis/build/npmtest/node-npmtest-casual/test.js":{"path":"/home/travis/build/npmtest/node-npmtest-casual/test.js","s":{"1":2,"2":2,"3":2,"4":2,"5":2,"6":2,"7":2,"8":1,"9":2,"10":2,"11":1,"12":1,"13":1,"14":1,"15":2,"16":2,"17":2,"18":2,"19":1,"20":1,"21":2,"22":2,"23":2,"24":1,"25":1,"26":1,"27":1,"28":1,"29":1,"30":1,"31":1,"32":1,"33":1,"34":1,"35":1,"36":1,"37":1,"38":1,"39":2,"40":2,"41":1,"42":2,"43":2,"44":1,"45":2,"46":2,"47":1,"48":2,"49":2,"50":1,"51":1,"52":1,"53":1,"54":1},"b":{"1":[2,1,1,1],"2":[1,1,1,1],"3":[1,1],"4":[1,1],"5":[1,1],"6":[1,1],"7":[1,1],"8":[1,1],"9":[1,1],"10":[1,1,1],"11":[1,1],"12":[1,1],"13":[1,1],"14":[1,1],"15":[1,1],"16":[1,1],"17":[1,1]},"f":{"1":2,"2":2,"3":2,"4":2,"5":2,"6":1,"7":1,"8":1,"9":2,"10":2,"11":2,"12":2,"13":1},"fnMap":{"1":{"name":"(anonymous_1)","line":12,"loc":{"start":{"line":12,"column":1},"end":{"line":12,"column":13}}},"2":{"name":"(anonymous_2)","line":19,"loc":{"start":{"line":19,"column":5},"end":{"line":19,"column":17}}},"3":{"name":"(anonymous_3)","line":23,"loc":{"start":{"line":23,"column":24},"end":{"line":23,"column":36}}},"4":{"name":"(anonymous_4)","line":61,"loc":{"start":{"line":61,"column":5},"end":{"line":61,"column":17}}},"5":{"name":"(anonymous_5)","line":82,"loc":{"start":{"line":82,"column":5},"end":{"line":82,"column":17}}},"6":{"name":"(anonymous_6)","line":91,"loc":{"start":{"line":91,"column":77},"end":{"line":94,"column":10}}},"7":{"name":"(anonymous_7)","line":112,"loc":{"start":{"line":112,"column":83},"end":{"line":115,"column":10}},"skip":true},"8":{"name":"(anonymous_8)","line":123,"loc":{"start":{"line":123,"column":77},"end":{"line":126,"column":10}},"skip":true},"9":{"name":"(anonymous_9)","line":139,"loc":{"start":{"line":139,"column":12},"end":{"line":139,"column":40}},"skip":true},"10":{"name":"(anonymous_10)","line":147,"loc":{"start":{"line":147,"column":77},"end":{"line":150,"column":10}},"skip":true},"11":{"name":"(anonymous_11)","line":158,"loc":{"start":{"line":158,"column":83},"end":{"line":161,"column":10}},"skip":true},"12":{"name":"(anonymous_12)","line":169,"loc":{"start":{"line":169,"column":79},"end":{"line":172,"column":10}},"skip":true},"13":{"name":"(anonymous_13)","line":180,"loc":{"start":{"line":180,"column":75},"end":{"line":183,"column":10}},"skip":true}},"statementMap":{"1":{"start":{"line":12,"column":0},"end":{"line":195,"column":5}},"2":{"start":{"line":14,"column":4},"end":{"line":14,"column":14}},"3":{"start":{"line":19,"column":4},"end":{"line":56,"column":9}},"4":{"start":{"line":21,"column":8},"end":{"line":21,"column":19}},"5":{"start":{"line":23,"column":8},"end":{"line":35,"column":13}},"6":{"start":{"line":24,"column":12},"end":{"line":34,"column":13}},"7":{"start":{"line":25,"column":16},"end":{"line":28,"column":30}},"8":{"start":{"line":30,"column":16},"end":{"line":33,"column":27}},"9":{"start":{"line":37,"column":8},"end":{"line":39,"column":21}},"10":{"start":{"line":40,"column":8},"end":{"line":53,"column":9}},"11":{"start":{"line":43,"column":12},"end":{"line":46,"column":14}},"12":{"start":{"line":47,"column":12},"end":{"line":47,"column":18}},"13":{"start":{"line":50,"column":12},"end":{"line":51,"column":33}},"14":{"start":{"line":52,"column":12},"end":{"line":52,"column":18}},"15":{"start":{"line":55,"column":8},"end":{"line":55,"column":35}},"16":{"start":{"line":61,"column":4},"end":{"line":63,"column":9}},"17":{"start":{"line":62,"column":8},"end":{"line":62,"column":15}},"18":{"start":{"line":64,"column":4},"end":{"line":77,"column":5}},"19":{"start":{"line":70,"column":8},"end":{"line":70,"column":14}},"20":{"start":{"line":76,"column":8},"end":{"line":76,"column":14}},"21":{"start":{"line":82,"column":4},"end":{"line":84,"column":9}},"22":{"start":{"line":83,"column":8},"end":{"line":83,"column":15}},"23":{"start":{"line":85,"column":4},"end":{"line":194,"column":5}},"24":{"start":{"line":91,"column":8},"end":{"line":99,"column":10}},"25":{"start":{"line":98,"column":12},"end":{"line":98,"column":35}},"26":{"start":{"line":102,"column":8},"end":{"line":104,"column":63}},"27":{"start":{"line":105,"column":8},"end":{"line":105,"column":14}},"28":{"start":{"line":112,"column":8},"end":{"line":121,"column":10},"skip":true},"29":{"start":{"line":119,"column":12},"end":{"line":119,"column":55},"skip":true},"30":{"start":{"line":120,"column":12},"end":{"line":120,"column":48},"skip":true},"31":{"start":{"line":123,"column":8},"end":{"line":136,"column":10},"skip":true},"32":{"start":{"line":130,"column":12},"end":{"line":130,"column":76},"skip":true},"33":{"start":{"line":131,"column":12},"end":{"line":131,"column":73},"skip":true},"34":{"start":{"line":132,"column":12},"end":{"line":132,"column":74},"skip":true},"35":{"start":{"line":133,"column":12},"end":{"line":133,"column":79},"skip":true},"36":{"start":{"line":134,"column":12},"end":{"line":134,"column":25},"skip":true},"37":{"start":{"line":135,"column":12},"end":{"line":135,"column":45},"skip":true},"38":{"start":{"line":138,"column":8},"end":{"line":145,"column":14},"skip":true},"39":{"start":{"line":143,"column":16},"end":{"line":143,"column":29},"skip":true},"40":{"start":{"line":144,"column":16},"end":{"line":144,"column":55},"skip":true},"41":{"start":{"line":147,"column":8},"end":{"line":156,"column":10},"skip":true},"42":{"start":{"line":154,"column":12},"end":{"line":154,"column":25},"skip":true},"43":{"start":{"line":155,"column":12},"end":{"line":155,"column":45},"skip":true},"44":{"start":{"line":158,"column":8},"end":{"line":167,"column":10},"skip":true},"45":{"start":{"line":165,"column":12},"end":{"line":165,"column":25},"skip":true},"46":{"start":{"line":166,"column":12},"end":{"line":166,"column":48},"skip":true},"47":{"start":{"line":169,"column":8},"end":{"line":178,"column":10},"skip":true},"48":{"start":{"line":176,"column":12},"end":{"line":176,"column":25},"skip":true},"49":{"start":{"line":177,"column":12},"end":{"line":177,"column":46},"skip":true},"50":{"start":{"line":180,"column":8},"end":{"line":189,"column":10},"skip":true},"51":{"start":{"line":187,"column":12},"end":{"line":187,"column":94},"skip":true},"52":{"start":{"line":188,"column":12},"end":{"line":188,"column":48},"skip":true},"53":{"start":{"line":192,"column":8},"end":{"line":192,"column":35},"skip":true},"54":{"start":{"line":193,"column":8},"end":{"line":193,"column":14},"skip":true}},"branchMap":{"1":{"line":25,"type":"binary-expr","locations":[{"start":{"line":25,"column":23},"end":{"line":25,"column":62}},{"start":{"line":26,"column":20},"end":{"line":26,"column":70}},{"start":{"line":27,"column":20},"end":{"line":27,"column":71}},{"start":{"line":28,"column":20},"end":{"line":28,"column":29}}]},"2":{"line":30,"type":"binary-expr","locations":[{"start":{"line":30,"column":23},"end":{"line":30,"column":37}},{"start":{"line":31,"column":20},"end":{"line":31,"column":61}},{"start":{"line":32,"column":20},"end":{"line":32,"column":70}},{"start":{"line":33,"column":20},"end":{"line":33,"column":26}}]},"3":{"line":37,"type":"cond-expr","locations":[{"start":{"line":38,"column":14},"end":{"line":38,"column":20}},{"start":{"line":39,"column":14},"end":{"line":39,"column":20}}]},"4":{"line":40,"type":"switch","locations":[{"start":{"line":42,"column":8},"end":{"line":47,"column":18}},{"start":{"line":49,"column":8},"end":{"line":52,"column":18}}]},"5":{"line":44,"type":"binary-expr","locations":[{"start":{"line":44,"column":16},"end":{"line":44,"column":44}},{"start":{"line":44,"column":48},"end":{"line":44,"column":66}}]},"6":{"line":50,"type":"binary-expr","locations":[{"start":{"line":50,"column":21},"end":{"line":50,"column":49}},{"start":{"line":50,"column":53},"end":{"line":50,"column":72}}]},"7":{"line":64,"type":"switch","locations":[{"start":{"line":69,"column":4},"end":{"line":70,"column":14}},{"start":{"line":75,"column":4},"end":{"line":76,"column":14}}]},"8":{"line":85,"type":"switch","locations":[{"start":{"line":90,"column":4},"end":{"line":105,"column":14}},{"start":{"line":111,"column":4},"end":{"line":193,"column":14},"skip":true}]},"9":{"line":91,"type":"binary-expr","locations":[{"start":{"line":91,"column":42},"end":{"line":91,"column":73}},{"start":{"line":91,"column":77},"end":{"line":99,"column":9}}]},"10":{"line":102,"type":"binary-expr","locations":[{"start":{"line":102,"column":18},"end":{"line":102,"column":32}},{"start":{"line":103,"column":12},"end":{"line":103,"column":53}},{"start":{"line":104,"column":12},"end":{"line":104,"column":61}}]},"11":{"line":112,"type":"binary-expr","locations":[{"start":{"line":112,"column":45},"end":{"line":112,"column":79},"skip":true},{"start":{"line":112,"column":83},"end":{"line":121,"column":9},"skip":true}]},"12":{"line":123,"type":"binary-expr","locations":[{"start":{"line":123,"column":42},"end":{"line":123,"column":73},"skip":true},{"start":{"line":123,"column":77},"end":{"line":136,"column":9},"skip":true}]},"13":{"line":138,"type":"binary-expr","locations":[{"start":{"line":138,"column":48},"end":{"line":138,"column":85},"skip":true},{"start":{"line":139,"column":12},"end":{"line":145,"column":13},"skip":true}]},"14":{"line":147,"type":"binary-expr","locations":[{"start":{"line":147,"column":42},"end":{"line":147,"column":73},"skip":true},{"start":{"line":147,"column":77},"end":{"line":156,"column":9},"skip":true}]},"15":{"line":158,"type":"binary-expr","locations":[{"start":{"line":158,"column":45},"end":{"line":158,"column":79},"skip":true},{"start":{"line":158,"column":83},"end":{"line":167,"column":9},"skip":true}]},"16":{"line":169,"type":"binary-expr","locations":[{"start":{"line":169,"column":43},"end":{"line":169,"column":75},"skip":true},{"start":{"line":169,"column":79},"end":{"line":178,"column":9},"skip":true}]},"17":{"line":180,"type":"binary-expr","locations":[{"start":{"line":180,"column":41},"end":{"line":180,"column":71},"skip":true},{"start":{"line":180,"column":75},"end":{"line":189,"column":9},"skip":true}]}},"code":["/* istanbul instrument in package npmtest_casual */","/*jslint","    bitwise: true,","    browser: true,","    maxerr: 8,","    maxlen: 96,","    node: true,","    nomen: true,","    regexp: true,","    stupid: true","*/","(function () {","    'use strict';","    var local;","","","","    // run shared js-env code - init-before","    (function () {","        // init local","        local = {};","        // init modeJs","        local.modeJs = (function () {","            try {","                return typeof navigator.userAgent === 'string' &&","                    typeof document.querySelector('body') === 'object' &&","                    typeof XMLHttpRequest.prototype.open === 'function' &&","                    'browser';","            } catch (errorCaughtBrowser) {","                return module.exports &&","                    typeof process.versions.node === 'string' &&","                    typeof require('http').createServer === 'function' &&","                    'node';","            }","        }());","        // init global","        local.global = local.modeJs === 'browser'","            ? window","            : global;","        switch (local.modeJs) {","        // re-init local from window.local","        case 'browser':","            local = local.global.utility2.objectSetDefault(","                local.global.utility2_rollup || local.global.local,","                local.global.utility2","            );","            break;","        // re-init local from example.js","        case 'node':","            local = (local.global.utility2_rollup || require('utility2'))","                .requireReadme();","            break;","        }","        // export local","        local.global.local = local;","    }());","","","","    // run shared js-env code - function","    (function () {","        return;","    }());","    switch (local.modeJs) {","","","","    // run browser js-env code - function","    case 'browser':","        break;","","","","    // run node js-env code - function","    case 'node':","        break;","    }","","","","    // run shared js-env code - init-after","    (function () {","        return;","    }());","    switch (local.modeJs) {","","","","    // run browser js-env code - init-after","    case 'browser':","        local.testCase_browser_nullCase = local.testCase_browser_nullCase || function (","            options,","            onError","        ) {","        /*","         * this function will test browsers's null-case handling-behavior-behavior","         */","            onError(null, options);","        };","","        // run tests","        local.nop(local.modeTest &&","            document.querySelector('#testRunButton1') &&","            document.querySelector('#testRunButton1').click());","        break;","","","","    // run node js-env code - init-after","    /* istanbul ignore next */","    case 'node':","        local.testCase_buildApidoc_default = local.testCase_buildApidoc_default || function (","            options,","            onError","        ) {","        /*","         * this function will test buildApidoc's default handling-behavior-behavior","         */","            options = { modulePathList: module.paths };","            local.buildApidoc(options, onError);","        };","","        local.testCase_buildApp_default = local.testCase_buildApp_default || function (","            options,","            onError","        ) {","        /*","         * this function will test buildApp's default handling-behavior-behavior","         */","            local.testCase_buildReadme_default(options, local.onErrorThrow);","            local.testCase_buildLib_default(options, local.onErrorThrow);","            local.testCase_buildTest_default(options, local.onErrorThrow);","            local.testCase_buildCustomOrg_default(options, local.onErrorThrow);","            options = [];","            local.buildApp(options, onError);","        };","","        local.testCase_buildCustomOrg_default = local.testCase_buildCustomOrg_default ||","            function (options, onError) {","            /*","             * this function will test buildCustomOrg's default handling-behavior","             */","                options = {};","                local.buildCustomOrg(options, onError);","            };","","        local.testCase_buildLib_default = local.testCase_buildLib_default || function (","            options,","            onError","        ) {","        /*","         * this function will test buildLib's default handling-behavior","         */","            options = {};","            local.buildLib(options, onError);","        };","","        local.testCase_buildReadme_default = local.testCase_buildReadme_default || function (","            options,","            onError","        ) {","        /*","         * this function will test buildReadme's default handling-behavior-behavior","         */","            options = {};","            local.buildReadme(options, onError);","        };","","        local.testCase_buildTest_default = local.testCase_buildTest_default || function (","            options,","            onError","        ) {","        /*","         * this function will test buildTest's default handling-behavior","         */","            options = {};","            local.buildTest(options, onError);","        };","","        local.testCase_webpage_default = local.testCase_webpage_default || function (","            options,","            onError","        ) {","        /*","         * this function will test webpage's default handling-behavior","         */","            options = { modeCoverageMerge: true, url: local.serverLocalHost + '?modeTest=1' };","            local.browserTest(options, onError);","        };","","        // run test-server","        local.testRunServer(local);","        break;","    }","}());",""],"l":{"12":2,"14":2,"19":2,"21":2,"23":2,"24":2,"25":2,"30":1,"37":2,"40":2,"43":1,"47":1,"50":1,"52":1,"55":2,"61":2,"62":2,"64":2,"70":1,"76":1,"82":2,"83":2,"85":2,"91":1,"98":1,"102":1,"105":1,"112":1,"119":1,"120":1,"123":1,"130":1,"131":1,"132":1,"133":1,"134":1,"135":1,"138":1,"143":2,"144":2,"147":1,"154":2,"155":2,"158":1,"165":2,"166":2,"169":1,"176":2,"177":2,"180":1,"187":1,"188":1,"192":1,"193":1}},"/home/travis/build/npmtest/node-npmtest-casual/lib.npmtest_casual.js":{"path":"/home/travis/build/npmtest/node-npmtest-casual/lib.npmtest_casual.js","s":{"1":2,"2":2,"3":2,"4":2,"5":2,"6":2,"7":2,"8":1,"9":2,"10":2,"11":2,"12":2,"13":1,"14":1,"15":1,"16":1},"b":{"1":[2,1,1,1],"2":[1,1,1,1],"3":[1,1],"4":[2,2],"5":[1,1]},"f":{"1":2,"2":2,"3":2},"fnMap":{"1":{"name":"(anonymous_1)","line":12,"loc":{"start":{"line":12,"column":1},"end":{"line":12,"column":13}}},"2":{"name":"(anonymous_2)","line":19,"loc":{"start":{"line":19,"column":5},"end":{"line":19,"column":17}}},"3":{"name":"(anonymous_3)","line":23,"loc":{"start":{"line":23,"column":24},"end":{"line":23,"column":36}}}},"statementMap":{"1":{"start":{"line":12,"column":0},"end":{"line":53,"column":5}},"2":{"start":{"line":14,"column":4},"end":{"line":14,"column":14}},"3":{"start":{"line":19,"column":4},"end":{"line":52,"column":9}},"4":{"start":{"line":21,"column":8},"end":{"line":21,"column":19}},"5":{"start":{"line":23,"column":8},"end":{"line":35,"column":13}},"6":{"start":{"line":24,"column":12},"end":{"line":34,"column":13}},"7":{"start":{"line":25,"column":16},"end":{"line":28,"column":30}},"8":{"start":{"line":30,"column":16},"end":{"line":33,"column":27}},"9":{"start":{"line":37,"column":8},"end":{"line":39,"column":21}},"10":{"start":{"line":41,"column":8},"end":{"line":41,"column":54}},"11":{"start":{"line":43,"column":8},"end":{"line":43,"column":51}},"12":{"start":{"line":45,"column":8},"end":{"line":51,"column":9}},"13":{"start":{"line":46,"column":12},"end":{"line":46,"column":57}},"14":{"start":{"line":48,"column":12},"end":{"line":48,"column":35}},"15":{"start":{"line":49,"column":12},"end":{"line":49,"column":49}},"16":{"start":{"line":50,"column":12},"end":{"line":50,"column":43}}},"branchMap":{"1":{"line":25,"type":"binary-expr","locations":[{"start":{"line":25,"column":23},"end":{"line":25,"column":62}},{"start":{"line":26,"column":20},"end":{"line":26,"column":70}},{"start":{"line":27,"column":20},"end":{"line":27,"column":71}},{"start":{"line":28,"column":20},"end":{"line":28,"column":29}}]},"2":{"line":30,"type":"binary-expr","locations":[{"start":{"line":30,"column":23},"end":{"line":30,"column":37}},{"start":{"line":31,"column":20},"end":{"line":31,"column":61}},{"start":{"line":32,"column":20},"end":{"line":32,"column":70}},{"start":{"line":33,"column":20},"end":{"line":33,"column":26}}]},"3":{"line":37,"type":"cond-expr","locations":[{"start":{"line":38,"column":14},"end":{"line":38,"column":20}},{"start":{"line":39,"column":14},"end":{"line":39,"column":20}}]},"4":{"line":41,"type":"binary-expr","locations":[{"start":{"line":41,"column":16},"end":{"line":41,"column":44}},{"start":{"line":41,"column":48},"end":{"line":41,"column":53}}]},"5":{"line":45,"type":"if","locations":[{"start":{"line":45,"column":8},"end":{"line":45,"column":8}},{"start":{"line":45,"column":8},"end":{"line":45,"column":8}}]}},"code":["/* istanbul instrument in package npmtest_casual */","/*jslint","    bitwise: true,","    browser: true,","    maxerr: 8,","    maxlen: 96,","    node: true,","    nomen: true,","    regexp: true,","    stupid: true","*/","(function () {","    'use strict';","    var local;","","","","    // run shared js-env code - init-before","    (function () {","        // init local","        local = {};","        // init modeJs","        local.modeJs = (function () {","            try {","                return typeof navigator.userAgent === 'string' &&","                    typeof document.querySelector('body') === 'object' &&","                    typeof XMLHttpRequest.prototype.open === 'function' &&","                    'browser';","            } catch (errorCaughtBrowser) {","                return module.exports &&","                    typeof process.versions.node === 'string' &&","                    typeof require('http').createServer === 'function' &&","                    'node';","            }","        }());","        // init global","        local.global = local.modeJs === 'browser'","            ? window","            : global;","        // init utility2_rollup","        local = local.global.utility2_rollup || local;","        // init lib","        local.local = local.npmtest_casual = local;","        // init exports","        if (local.modeJs === 'browser') {","            local.global.utility2_npmtest_casual = local;","        } else {","            module.exports = local;","            module.exports.__dirname = __dirname;","            module.exports.module = module;","        }","    }());","}());",""],"l":{"12":2,"14":2,"19":2,"21":2,"23":2,"24":2,"25":2,"30":1,"37":2,"41":2,"43":2,"45":2,"46":1,"48":1,"49":1,"50":1}},"/home/travis/build/npmtest/node-npmtest-casual/example.js":{"path":"/home/travis/build/npmtest/node-npmtest-casual/example.js","s":{"1":2,"2":2,"3":2,"4":2,"5":2,"6":2,"7":2,"8":1,"9":2,"10":2,"11":2,"12":2,"13":1,"14":2,"15":2,"16":2,"17":2,"18":2,"19":0,"20":2,"21":1,"22":1,"23":1,"24":1,"25":1,"26":0,"27":0,"28":1,"29":1,"30":2,"31":0,"32":0,"33":0,"34":1,"35":2,"36":2,"37":3,"38":3,"39":3,"40":3,"41":0,"42":3,"43":3,"44":3,"45":1,"46":3,"47":1,"48":1,"49":1,"50":1,"51":1,"52":1,"53":1,"54":1,"55":1,"56":1,"57":0,"58":1,"59":6,"60":6,"61":1,"62":2,"63":0,"64":2,"65":1,"66":1,"67":0,"68":0,"69":0,"70":0,"71":0,"72":0,"73":0,"74":0,"75":0,"76":0,"77":0,"78":0,"79":0,"80":0,"81":0,"82":0,"83":0},"b":{"1":[2,1,1,1],"2":[1,1,1,1],"3":[1,1],"4":[2,2],"5":[1,1],"6":[1,1],"7":[2,0],"8":[2,1,1,1,1,1],"9":[0,2,0],"10":[1,1],"11":[2,1,1],"12":[1,0],"13":[0,2],"14":[2,0,0,0,0,0,0],"15":[0,3],"16":[3,0],"17":[1,1],"18":[0,1],"19":[1,2,0,2],"20":[1,0],"21":[1,1],"22":[0,0],"23":[0,0],"24":[0,0],"25":[0,0],"26":[0,0],"27":[0,0],"28":[0,0]},"f":{"1":2,"2":2,"3":2,"4":2,"5":2,"6":2,"7":3,"8":3,"9":3,"10":1,"11":6,"12":0},"fnMap":{"1":{"name":"(anonymous_1)","line":26,"loc":{"start":{"line":26,"column":1},"end":{"line":26,"column":13}}},"2":{"name":"(anonymous_2)","line":33,"loc":{"start":{"line":33,"column":5},"end":{"line":33,"column":17}}},"3":{"name":"(anonymous_3)","line":37,"loc":{"start":{"line":37,"column":24},"end":{"line":37,"column":36}}},"4":{"name":"(anonymous_4)","line":69,"loc":{"start":{"line":69,"column":31},"end":{"line":69,"column":48}},"skip":true},"5":{"name":"(anonymous_5)","line":78,"loc":{"start":{"line":78,"column":26},"end":{"line":78,"column":45}},"skip":true},"6":{"name":"(anonymous_6)","line":123,"loc":{"start":{"line":123,"column":33},"end":{"line":123,"column":48}},"skip":true},"7":{"name":"(anonymous_7)","line":125,"loc":{"start":{"line":125,"column":27},"end":{"line":125,"column":39}},"skip":true},"8":{"name":"(anonymous_8)","line":133,"loc":{"start":{"line":133,"column":59},"end":{"line":133,"column":74}},"skip":true},"9":{"name":"(anonymous_9)","line":143,"loc":{"start":{"line":143,"column":45},"end":{"line":143,"column":62}},"skip":true},"10":{"name":"(anonymous_10)","line":144,"loc":{"start":{"line":144,"column":73},"end":{"line":144,"column":92}},"skip":true},"11":{"name":"(anonymous_11)","line":272,"loc":{"start":{"line":272,"column":51},"end":{"line":272,"column":77}},"skip":true},"12":{"name":"(anonymous_12)","line":315,"loc":{"start":{"line":315,"column":32},"end":{"line":315,"column":61}},"skip":true}},"statementMap":{"1":{"start":{"line":26,"column":0},"end":{"line":326,"column":5}},"2":{"start":{"line":28,"column":4},"end":{"line":28,"column":14}},"3":{"start":{"line":33,"column":4},"end":{"line":60,"column":9}},"4":{"start":{"line":35,"column":8},"end":{"line":35,"column":19}},"5":{"start":{"line":37,"column":8},"end":{"line":49,"column":13}},"6":{"start":{"line":38,"column":12},"end":{"line":48,"column":13}},"7":{"start":{"line":39,"column":16},"end":{"line":42,"column":30}},"8":{"start":{"line":44,"column":16},"end":{"line":47,"column":27}},"9":{"start":{"line":51,"column":8},"end":{"line":53,"column":21}},"10":{"start":{"line":55,"column":8},"end":{"line":57,"column":45}},"11":{"start":{"line":59,"column":8},"end":{"line":59,"column":35}},"12":{"start":{"line":61,"column":4},"end":{"line":325,"column":5}},"13":{"start":{"line":69,"column":8},"end":{"line":121,"column":10},"skip":true},"14":{"start":{"line":70,"column":12},"end":{"line":88,"column":13},"skip":true},"15":{"start":{"line":76,"column":16},"end":{"line":87,"column":19},"skip":true},"16":{"start":{"line":79,"column":20},"end":{"line":86,"column":21},"skip":true},"17":{"start":{"line":82,"column":24},"end":{"line":82,"column":43},"skip":true},"18":{"start":{"line":83,"column":24},"end":{"line":83,"column":30},"skip":true},"19":{"start":{"line":85,"column":24},"end":{"line":85,"column":49},"skip":true},"20":{"start":{"line":89,"column":12},"end":{"line":107,"column":13},"skip":true},"21":{"start":{"line":92,"column":16},"end":{"line":102,"column":17},"skip":true},"22":{"start":{"line":93,"column":20},"end":{"line":93,"column":86},"skip":true},"23":{"start":{"line":94,"column":20},"end":{"line":95,"column":45},"skip":true},"24":{"start":{"line":96,"column":20},"end":{"line":96,"column":42},"skip":true},"25":{"start":{"line":97,"column":20},"end":{"line":97,"column":48},"skip":true},"26":{"start":{"line":100,"column":20},"end":{"line":100,"column":85},"skip":true},"27":{"start":{"line":101,"column":20},"end":{"line":101,"column":96},"skip":true},"28":{"start":{"line":103,"column":16},"end":{"line":103,"column":22},"skip":true},"29":{"start":{"line":106,"column":16},"end":{"line":106,"column":22},"skip":true},"30":{"start":{"line":108,"column":12},"end":{"line":120,"column":13},"skip":true},"31":{"start":{"line":114,"column":16},"end":{"line":119,"column":17},"skip":true},"32":{"start":{"line":116,"column":20},"end":{"line":116,"column":78},"skip":true},"33":{"start":{"line":118,"column":20},"end":{"line":118,"column":47},"skip":true},"34":{"start":{"line":123,"column":8},"end":{"line":141,"column":11},"skip":true},"35":{"start":{"line":124,"column":12},"end":{"line":124,"column":54},"skip":true},"36":{"start":{"line":125,"column":12},"end":{"line":140,"column":14},"skip":true},"37":{"start":{"line":126,"column":16},"end":{"line":126,"column":28},"skip":true},"38":{"start":{"line":127,"column":16},"end":{"line":127,"column":69},"skip":true},"39":{"start":{"line":128,"column":16},"end":{"line":128,"column":75},"skip":true},"40":{"start":{"line":129,"column":16},"end":{"line":131,"column":17},"skip":true},"41":{"start":{"line":130,"column":20},"end":{"line":130,"column":27},"skip":true},"42":{"start":{"line":133,"column":16},"end":{"line":137,"column":36},"skip":true},"43":{"start":{"line":134,"column":20},"end":{"line":136,"column":55},"skip":true},"44":{"start":{"line":139,"column":16},"end":{"line":139,"column":57},"skip":true},"45":{"start":{"line":143,"column":8},"end":{"line":147,"column":11},"skip":true},"46":{"start":{"line":144,"column":12},"end":{"line":146,"column":15},"skip":true},"47":{"start":{"line":145,"column":16},"end":{"line":145,"column":70},"skip":true},"48":{"start":{"line":149,"column":8},"end":{"line":149,"column":31},"skip":true},"49":{"start":{"line":150,"column":8},"end":{"line":150,"column":14},"skip":true},"50":{"start":{"line":158,"column":8},"end":{"line":158,"column":31},"skip":true},"51":{"start":{"line":160,"column":8},"end":{"line":160,"column":33},"skip":true},"52":{"start":{"line":161,"column":8},"end":{"line":161,"column":37},"skip":true},"53":{"start":{"line":162,"column":8},"end":{"line":162,"column":35},"skip":true},"54":{"start":{"line":164,"column":8},"end":{"line":164,"column":50},"skip":true},"55":{"start":{"line":166,"column":8},"end":{"line":256,"column":2},"skip":true},"56":{"start":{"line":258,"column":8},"end":{"line":286,"column":9},"skip":true},"57":{"start":{"line":259,"column":12},"end":{"line":269,"column":14},"skip":true},"58":{"start":{"line":271,"column":12},"end":{"line":285,"column":19},"skip":true},"59":{"start":{"line":274,"column":20},"end":{"line":274,"column":35},"skip":true},"60":{"start":{"line":275,"column":20},"end":{"line":284,"column":21},"skip":true},"61":{"start":{"line":277,"column":24},"end":{"line":277,"column":64},"skip":true},"62":{"start":{"line":279,"column":24},"end":{"line":279,"column":40},"skip":true},"63":{"start":{"line":281,"column":24},"end":{"line":281,"column":40},"skip":true},"64":{"start":{"line":283,"column":24},"end":{"line":283,"column":39},"skip":true},"65":{"start":{"line":288,"column":8},"end":{"line":290,"column":9},"skip":true},"66":{"start":{"line":289,"column":12},"end":{"line":289,"column":18},"skip":true},"67":{"start":{"line":291,"column":8},"end":{"line":293,"column":54},"skip":true},"68":{"start":{"line":296,"column":8},"end":{"line":301,"column":37},"skip":true},"69":{"start":{"line":303,"column":8},"end":{"line":303,"column":82},"skip":true},"70":{"start":{"line":306,"column":8},"end":{"line":308,"column":9},"skip":true},"71":{"start":{"line":307,"column":12},"end":{"line":307,"column":82},"skip":true},"72":{"start":{"line":310,"column":8},"end":{"line":312,"column":9},"skip":true},"73":{"start":{"line":311,"column":12},"end":{"line":311,"column":18},"skip":true},"74":{"start":{"line":313,"column":8},"end":{"line":313,"column":54},"skip":true},"75":{"start":{"line":314,"column":8},"end":{"line":314,"column":69},"skip":true},"76":{"start":{"line":315,"column":8},"end":{"line":323,"column":36},"skip":true},"77":{"start":{"line":316,"column":12},"end":{"line":316,"column":61},"skip":true},"78":{"start":{"line":317,"column":12},"end":{"line":320,"column":13},"skip":true},"79":{"start":{"line":318,"column":16},"end":{"line":318,"column":75},"skip":true},"80":{"start":{"line":319,"column":16},"end":{"line":319,"column":23},"skip":true},"81":{"start":{"line":321,"column":12},"end":{"line":321,"column":38},"skip":true},"82":{"start":{"line":322,"column":12},"end":{"line":322,"column":27},"skip":true},"83":{"start":{"line":324,"column":8},"end":{"line":324,"column":14},"skip":true}},"branchMap":{"1":{"line":39,"type":"binary-expr","locations":[{"start":{"line":39,"column":23},"end":{"line":39,"column":62}},{"start":{"line":40,"column":20},"end":{"line":40,"column":70}},{"start":{"line":41,"column":20},"end":{"line":41,"column":71}},{"start":{"line":42,"column":20},"end":{"line":42,"column":29}}]},"2":{"line":44,"type":"binary-expr","locations":[{"start":{"line":44,"column":23},"end":{"line":44,"column":37}},{"start":{"line":45,"column":20},"end":{"line":45,"column":61}},{"start":{"line":46,"column":20},"end":{"line":46,"column":70}},{"start":{"line":47,"column":20},"end":{"line":47,"column":26}}]},"3":{"line":51,"type":"cond-expr","locations":[{"start":{"line":52,"column":14},"end":{"line":52,"column":20}},{"start":{"line":53,"column":14},"end":{"line":53,"column":20}}]},"4":{"line":55,"type":"binary-expr","locations":[{"start":{"line":55,"column":16},"end":{"line":55,"column":44}},{"start":{"line":55,"column":49},"end":{"line":57,"column":43}}]},"5":{"line":55,"type":"cond-expr","locations":[{"start":{"line":56,"column":14},"end":{"line":56,"column":50}},{"start":{"line":57,"column":14},"end":{"line":57,"column":43}}]},"6":{"line":61,"type":"switch","locations":[{"start":{"line":68,"column":4},"end":{"line":150,"column":14},"skip":true},{"start":{"line":156,"column":4},"end":{"line":324,"column":14},"skip":true}]},"7":{"line":70,"type":"if","locations":[{"start":{"line":70,"column":12},"end":{"line":70,"column":12},"skip":true},{"start":{"line":70,"column":12},"end":{"line":70,"column":12},"skip":true}]},"8":{"line":70,"type":"binary-expr","locations":[{"start":{"line":70,"column":16},"end":{"line":70,"column":22},"skip":true},{"start":{"line":70,"column":27},"end":{"line":70,"column":32},"skip":true},{"start":{"line":71,"column":20},"end":{"line":71,"column":39},"skip":true},{"start":{"line":72,"column":20},"end":{"line":72,"column":49},"skip":true},{"start":{"line":73,"column":20},"end":{"line":73,"column":58},"skip":true},{"start":{"line":74,"column":20},"end":{"line":74,"column":69},"skip":true}]},"9":{"line":79,"type":"switch","locations":[{"start":{"line":80,"column":20},"end":{"line":80,"column":33},"skip":true},{"start":{"line":81,"column":20},"end":{"line":83,"column":30},"skip":true},{"start":{"line":84,"column":20},"end":{"line":85,"column":49},"skip":true}]},"10":{"line":89,"type":"switch","locations":[{"start":{"line":90,"column":12},"end":{"line":103,"column":22},"skip":true},{"start":{"line":105,"column":12},"end":{"line":106,"column":22},"skip":true}]},"11":{"line":89,"type":"binary-expr","locations":[{"start":{"line":89,"column":20},"end":{"line":89,"column":25},"skip":true},{"start":{"line":89,"column":29},"end":{"line":89,"column":48},"skip":true},{"start":{"line":89,"column":52},"end":{"line":89,"column":74},"skip":true}]},"12":{"line":92,"type":"if","locations":[{"start":{"line":92,"column":16},"end":{"line":92,"column":16},"skip":true},{"start":{"line":92,"column":16},"end":{"line":92,"column":16},"skip":true}]},"13":{"line":108,"type":"if","locations":[{"start":{"line":108,"column":12},"end":{"line":108,"column":12},"skip":true},{"start":{"line":108,"column":12},"end":{"line":108,"column":12},"skip":true}]},"14":{"line":108,"type":"binary-expr","locations":[{"start":{"line":108,"column":16},"end":{"line":108,"column":61},"skip":true},{"start":{"line":108,"column":66},"end":{"line":108,"column":72},"skip":true},{"start":{"line":108,"column":77},"end":{"line":108,"column":82},"skip":true},{"start":{"line":109,"column":20},"end":{"line":109,"column":39},"skip":true},{"start":{"line":110,"column":20},"end":{"line":110,"column":49},"skip":true},{"start":{"line":111,"column":20},"end":{"line":111,"column":58},"skip":true},{"start":{"line":112,"column":20},"end":{"line":112,"column":68},"skip":true}]},"15":{"line":129,"type":"if","locations":[{"start":{"line":129,"column":16},"end":{"line":129,"column":16},"skip":true},{"start":{"line":129,"column":16},"end":{"line":129,"column":16},"skip":true}]},"16":{"line":134,"type":"cond-expr","locations":[{"start":{"line":135,"column":26},"end":{"line":135,"column":29},"skip":true},{"start":{"line":136,"column":26},"end":{"line":136,"column":54},"skip":true}]},"17":{"line":164,"type":"binary-expr","locations":[{"start":{"line":164,"column":27},"end":{"line":164,"column":43},"skip":true},{"start":{"line":164,"column":47},"end":{"line":164,"column":49},"skip":true}]},"18":{"line":258,"type":"if","locations":[{"start":{"line":258,"column":8},"end":{"line":258,"column":8},"skip":true},{"start":{"line":258,"column":8},"end":{"line":258,"column":8},"skip":true}]},"19":{"line":275,"type":"switch","locations":[{"start":{"line":276,"column":20},"end":{"line":277,"column":64},"skip":true},{"start":{"line":278,"column":20},"end":{"line":279,"column":40},"skip":true},{"start":{"line":280,"column":20},"end":{"line":281,"column":40},"skip":true},{"start":{"line":282,"column":20},"end":{"line":283,"column":39},"skip":true}]},"20":{"line":288,"type":"if","locations":[{"start":{"line":288,"column":8},"end":{"line":288,"column":8},"skip":true},{"start":{"line":288,"column":8},"end":{"line":288,"column":8},"skip":true}]},"21":{"line":288,"type":"binary-expr","locations":[{"start":{"line":288,"column":12},"end":{"line":288,"column":40},"skip":true},{"start":{"line":288,"column":44},"end":{"line":288,"column":67},"skip":true}]},"22":{"line":292,"type":"binary-expr","locations":[{"start":{"line":292,"column":12},"end":{"line":292,"column":50},"skip":true},{"start":{"line":293,"column":12},"end":{"line":293,"column":53},"skip":true}]},"23":{"line":297,"type":"binary-expr","locations":[{"start":{"line":297,"column":12},"end":{"line":297,"column":64},"skip":true},{"start":{"line":298,"column":12},"end":{"line":301,"column":36},"skip":true}]},"24":{"line":303,"type":"binary-expr","locations":[{"start":{"line":303,"column":43},"end":{"line":303,"column":75},"skip":true},{"start":{"line":303,"column":79},"end":{"line":303,"column":81},"skip":true}]},"25":{"line":306,"type":"if","locations":[{"start":{"line":306,"column":8},"end":{"line":306,"column":8},"skip":true},{"start":{"line":306,"column":8},"end":{"line":306,"column":8},"skip":true}]},"26":{"line":310,"type":"if","locations":[{"start":{"line":310,"column":8},"end":{"line":310,"column":8},"skip":true},{"start":{"line":310,"column":8},"end":{"line":310,"column":8},"skip":true}]},"27":{"line":313,"type":"binary-expr","locations":[{"start":{"line":313,"column":27},"end":{"line":313,"column":43},"skip":true},{"start":{"line":313,"column":47},"end":{"line":313,"column":53},"skip":true}]},"28":{"line":317,"type":"if","locations":[{"start":{"line":317,"column":12},"end":{"line":317,"column":12},"skip":true},{"start":{"line":317,"column":12},"end":{"line":317,"column":12},"skip":true}]}},"code":["/*","example.js","","quickstart example","","instruction","    1. save this script as example.js","    2. run the shell command:","        $ npm install npmtest-casual && PORT=8081 node example.js","    3. play with the browser-demo on http://127.0.0.1:8081","*/","","","","/* istanbul instrument in package npmtest_casual */","/*jslint","    bitwise: true,","    browser: true,","    maxerr: 8,","    maxlen: 96,","    node: true,","    nomen: true,","    regexp: true,","    stupid: true","*/","(function () {","    'use strict';","    var local;","","","","    // run shared js-env code - init-before","    (function () {","        // init local","        local = {};","        // init modeJs","        local.modeJs = (function () {","            try {","                return typeof navigator.userAgent === 'string' &&","                    typeof document.querySelector('body') === 'object' &&","                    typeof XMLHttpRequest.prototype.open === 'function' &&","                    'browser';","            } catch (errorCaughtBrowser) {","                return module.exports &&","                    typeof process.versions.node === 'string' &&","                    typeof require('http').createServer === 'function' &&","                    'node';","            }","        }());","        // init global","        local.global = local.modeJs === 'browser'","            ? window","            : global;","        // init utility2_rollup","        local = local.global.utility2_rollup || (local.modeJs === 'browser'","            ? local.global.utility2_npmtest_casual","            : global.utility2_moduleExports);","        // export local","        local.global.local = local;","    }());","    switch (local.modeJs) {","","","","    // init-after","    // run browser js-env code - init-after","    /* istanbul ignore next */","    case 'browser':","        local.testRunBrowser = function (event) {","            if (!event || (event &&","                    event.currentTarget &&","                    event.currentTarget.className &&","                    event.currentTarget.className.includes &&","                    event.currentTarget.className.includes('onreset'))) {","                // reset output","                Array.from(","                    document.querySelectorAll('body > .resettable')","                ).forEach(function (element) {","                    switch (element.tagName) {","                    case 'INPUT':","                    case 'TEXTAREA':","                        element.value = '';","                        break;","                    default:","                        element.textContent = '';","                    }","                });","            }","            switch (event && event.currentTarget && event.currentTarget.id) {","            case 'testRunButton1':","                // show tests","                if (document.querySelector('#testReportDiv1').style.display === 'none') {","                    document.querySelector('#testReportDiv1').style.display = 'block';","                    document.querySelector('#testRunButton1').textContent =","                        'hide internal test';","                    local.modeTest = true;","                    local.testRunDefault(local);","                // hide tests","                } else {","                    document.querySelector('#testReportDiv1').style.display = 'none';","                    document.querySelector('#testRunButton1').textContent = 'run internal test';","                }","                break;","            // custom-case","            default:","                break;","            }","            if (document.querySelector('#inputTextareaEval1') && (!event || (event &&","                    event.currentTarget &&","                    event.currentTarget.className &&","                    event.currentTarget.className.includes &&","                    event.currentTarget.className.includes('oneval')))) {","                // try to eval input-code","                try {","                    /*jslint evil: true*/","                    eval(document.querySelector('#inputTextareaEval1').value);","                } catch (errorCaught) {","                    console.error(errorCaught);","                }","            }","        };","        // log stderr and stdout to #outputTextareaStdout1","        ['error', 'log'].forEach(function (key) {","            console[key + '_original'] = console[key];","            console[key] = function () {","                var element;","                console[key + '_original'].apply(console, arguments);","                element = document.querySelector('#outputTextareaStdout1');","                if (!element) {","                    return;","                }","                // append text to #outputTextareaStdout1","                element.value += Array.from(arguments).map(function (arg) {","                    return typeof arg === 'string'","                        ? arg","                        : JSON.stringify(arg, null, 4);","                }).join(' ') + '\\n';","                // scroll textarea to bottom","                element.scrollTop = element.scrollHeight;","            };","        });","        // init event-handling","        ['change', 'click', 'keyup'].forEach(function (event) {","            Array.from(document.querySelectorAll('.on' + event)).forEach(function (element) {","                element.addEventListener(event, local.testRunBrowser);","            });","        });","        // run tests","        local.testRunBrowser();","        break;","","","","    // run node js-env code - init-after","    /* istanbul ignore next */","    case 'node':","        // export local","        module.exports = local;","        // require modules","        local.fs = require('fs');","        local.http = require('http');","        local.url = require('url');","        // init assets","        local.assetsDict = local.assetsDict || {};","        /* jslint-ignore-begin */","        local.assetsDict['/assets.index.template.html'] = '\\","<!doctype html>\\n\\","<html lang=\"en\">\\n\\","<head>\\n\\","<meta charset=\"UTF-8\">\\n\\","<meta name=\"viewport\" content=\"width=device-width, initial-scale=1\">\\n\\","<title>{{env.npm_package_name}} (v{{env.npm_package_version}})</title>\\n\\","<style>\\n\\","/*csslint\\n\\","    box-sizing: false,\\n\\","    universal-selector: false\\n\\","*/\\n\\","* {\\n\\","    box-sizing: border-box;\\n\\","}\\n\\","body {\\n\\","    background: #dde;\\n\\","    font-family: Arial, Helvetica, sans-serif;\\n\\","    margin: 2rem;\\n\\","}\\n\\","body > * {\\n\\","    margin-bottom: 1rem;\\n\\","}\\n\\",".utility2FooterDiv {\\n\\","    margin-top: 20px;\\n\\","    text-align: center;\\n\\","}\\n\\","</style>\\n\\","<style>\\n\\","/*csslint\\n\\","*/\\n\\","textarea {\\n\\","    font-family: monospace;\\n\\","    height: 10rem;\\n\\","    width: 100%;\\n\\","}\\n\\","textarea[readonly] {\\n\\","    background: #ddd;\\n\\","}\\n\\","</style>\\n\\","</head>\\n\\","<body>\\n\\","<!-- utility2-comment\\n\\","<div id=\"ajaxProgressDiv1\" style=\"background: #d00; height: 2px; left: 0; margin: 0; padding: 0; position: fixed; top: 0; transition: background 0.5s, width 1.5s; width: 25%;\"></div>\\n\\","utility2-comment -->\\n\\","<h1>\\n\\","<!-- utility2-comment\\n\\","    <a\\n\\","        {{#if env.npm_package_homepage}}\\n\\","        href=\"{{env.npm_package_homepage}}\"\\n\\","        {{/if env.npm_package_homepage}}\\n\\","        target=\"_blank\"\\n\\","    >\\n\\","utility2-comment -->\\n\\","        {{env.npm_package_name}} (v{{env.npm_package_version}})\\n\\","<!-- utility2-comment\\n\\","    </a>\\n\\","utility2-comment -->\\n\\","</h1>\\n\\","<h3>{{env.npm_package_description}}</h3>\\n\\","<!-- utility2-comment\\n\\","<h4><a download href=\"assets.app.js\">download standalone app</a></h4>\\n\\","<button class=\"onclick onreset\" id=\"testRunButton1\">run internal test</button><br>\\n\\","<div id=\"testReportDiv1\" style=\"display: none;\"></div>\\n\\","utility2-comment -->\\n\\","\\n\\","\\n\\","\\n\\","<label>stderr and stdout</label>\\n\\","<textarea class=\"resettable\" id=\"outputTextareaStdout1\" readonly></textarea>\\n\\","<!-- utility2-comment\\n\\","{{#if isRollup}}\\n\\","<script src=\"assets.app.js\"></script>\\n\\","{{#unless isRollup}}\\n\\","utility2-comment -->\\n\\","<script src=\"assets.utility2.rollup.js\"></script>\\n\\","<script src=\"jsonp.utility2._stateInit?callback=window.utility2._stateInit\"></script>\\n\\","<script src=\"assets.npmtest_casual.rollup.js\"></script>\\n\\","<script src=\"assets.example.js\"></script>\\n\\","<script src=\"assets.test.js\"></script>\\n\\","<!-- utility2-comment\\n\\","{{/if isRollup}}\\n\\","utility2-comment -->\\n\\","<div class=\"utility2FooterDiv\">\\n\\","    [ this app was created with\\n\\","    <a href=\"https://github.com/kaizhu256/node-utility2\" target=\"_blank\">utility2</a>\\n\\","    ]\\n\\","</div>\\n\\","</body>\\n\\","</html>\\n\\","';","        /* jslint-ignore-end */","        if (local.templateRender) {","            local.assetsDict['/'] = local.templateRender(","                local.assetsDict['/assets.index.template.html'],","                {","                    env: local.objectSetDefault(local.env, {","                        npm_package_description: 'the greatest app in the world!',","                        npm_package_name: 'my-app',","                        npm_package_nameAlias: 'my_app',","                        npm_package_version: '0.0.1'","                    })","                }","            );","        } else {","            local.assetsDict['/'] = local.assetsDict['/assets.index.template.html']","                .replace((/\\{\\{env\\.(\\w+?)\\}\\}/g), function (match0, match1) {","                    // jslint-hack","                    String(match0);","                    switch (match1) {","                    case 'npm_package_description':","                        return 'the greatest app in the world!';","                    case 'npm_package_name':","                        return 'my-app';","                    case 'npm_package_nameAlias':","                        return 'my_app';","                    case 'npm_package_version':","                        return '0.0.1';","                    }","                });","        }","        // run the cli","        if (local.global.utility2_rollup || module !== require.main) {","            break;","        }","        local.assetsDict['/assets.example.js'] =","            local.assetsDict['/assets.example.js'] ||","            local.fs.readFileSync(__filename, 'utf8');","        // bug-workaround - long $npm_package_buildCustomOrg","        /* jslint-ignore-begin */","        local.assetsDict['/assets.npmtest_casual.rollup.js'] =","            local.assetsDict['/assets.npmtest_casual.rollup.js'] ||","            local.fs.readFileSync(","                local.npmtest_casual.__dirname + '/lib.npmtest_casual.js',","                'utf8'","            ).replace((/^#!/), '//');","        /* jslint-ignore-end */","        local.assetsDict['/favicon.ico'] = local.assetsDict['/favicon.ico'] || '';","        // if $npm_config_timeout_exit exists,","        // then exit this process after $npm_config_timeout_exit ms","        if (Number(process.env.npm_config_timeout_exit)) {","            setTimeout(process.exit, Number(process.env.npm_config_timeout_exit));","        }","        // start server","        if (local.global.utility2_serverHttp1) {","            break;","        }","        process.env.PORT = process.env.PORT || '8081';","        console.error('server starting on port ' + process.env.PORT);","        local.http.createServer(function (request, response) {","            request.urlParsed = local.url.parse(request.url);","            if (local.assetsDict[request.urlParsed.pathname] !== undefined) {","                response.end(local.assetsDict[request.urlParsed.pathname]);","                return;","            }","            response.statusCode = 404;","            response.end();","        }).listen(process.env.PORT);","        break;","    }","}());",""],"l":{"26":2,"28":2,"33":2,"35":2,"37":2,"38":2,"39":2,"44":1,"51":2,"55":2,"59":2,"61":2,"69":1,"70":2,"76":2,"79":2,"82":2,"83":2,"85":1,"89":2,"92":1,"93":1,"94":1,"96":1,"97":1,"100":1,"101":1,"103":1,"106":1,"108":2,"114":1,"116":1,"118":1,"123":1,"124":2,"125":2,"126":3,"127":3,"128":3,"129":3,"130":1,"133":3,"134":3,"139":3,"143":1,"144":3,"145":1,"149":1,"150":1,"158":1,"160":1,"161":1,"162":1,"164":1,"166":1,"258":1,"259":1,"271":1,"274":6,"275":6,"277":1,"279":2,"281":1,"283":2,"288":1,"289":1,"291":1,"296":1,"303":1,"306":1,"307":1,"310":1,"311":1,"313":1,"314":1,"315":1,"316":1,"317":1,"318":1,"319":1,"321":1,"322":1,"324":1}},"/home/travis/build/npmtest/node-npmtest-casual/node_modules/casual/src/casual.js":{"path":"/home/travis/build/npmtest/node-npmtest-casual/node_modules/casual/src/casual.js","s":{"1":1,"2":1,"3":1,"4":9,"5":1,"6":8,"7":1,"8":2,"9":2,"10":0,"11":0,"12":0,"13":0,"14":0,"15":2,"16":2,"17":22,"18":1,"19":1,"20":9,"21":1,"22":2,"23":2,"24":2,"25":1},"b":{"1":[1,8],"2":[0,0]},"f":{"1":9,"2":2,"3":0,"4":0,"5":22,"6":1,"7":9},"fnMap":{"1":{"name":"(anonymous_1)","line":4,"loc":{"start":{"line":4,"column":19},"end":{"line":4,"column":38}}},"2":{"name":"(anonymous_2)","line":11,"loc":{"start":{"line":11,"column":19},"end":{"line":11,"column":30}}},"3":{"name":"(anonymous_3)","line":14,"loc":{"start":{"line":14,"column":20},"end":{"line":14,"column":31}}},"4":{"name":"(anonymous_4)","line":17,"loc":{"start":{"line":17,"column":28},"end":{"line":17,"column":43}}},"5":{"name":"(anonymous_5)","line":38,"loc":{"start":{"line":38,"column":26},"end":{"line":38,"column":43}}},"6":{"name":"(anonymous_6)","line":39,"loc":{"start":{"line":39,"column":24},"end":{"line":39,"column":35}}},"7":{"name":"(anonymous_7)","line":42,"loc":{"start":{"line":42,"column":21},"end":{"line":42,"column":40}}}},"statementMap":{"1":{"start":{"line":1,"column":0},"end":{"line":1,"column":35}},"2":{"start":{"line":2,"column":0},"end":{"line":2,"column":38}},"3":{"start":{"line":4,"column":0},"end":{"line":9,"column":2}},"4":{"start":{"line":5,"column":1},"end":{"line":7,"column":2}},"5":{"start":{"line":6,"column":2},"end":{"line":6,"column":27}},"6":{"start":{"line":8,"column":1},"end":{"line":8,"column":11}},"7":{"start":{"line":11,"column":0},"end":{"line":70,"column":2}},"8":{"start":{"line":12,"column":1},"end":{"line":12,"column":42}},"9":{"start":{"line":14,"column":1},"end":{"line":24,"column":3}},"10":{"start":{"line":15,"column":2},"end":{"line":15,"column":19}},"11":{"start":{"line":17,"column":2},"end":{"line":21,"column":5}},"12":{"start":{"line":18,"column":3},"end":{"line":20,"column":4}},"13":{"start":{"line":19,"column":4},"end":{"line":19,"column":42}},"14":{"start":{"line":23,"column":2},"end":{"line":23,"column":17}},"15":{"start":{"line":26,"column":1},"end":{"line":36,"column":3}},"16":{"start":{"line":38,"column":1},"end":{"line":51,"column":2}},"17":{"start":{"line":39,"column":2},"end":{"line":50,"column":5}},"18":{"start":{"line":40,"column":3},"end":{"line":40,"column":31}},"19":{"start":{"line":42,"column":3},"end":{"line":47,"column":6}},"20":{"start":{"line":43,"column":4},"end":{"line":46,"column":7}},"21":{"start":{"line":49,"column":3},"end":{"line":49,"column":17}},"22":{"start":{"line":53,"column":1},"end":{"line":65,"column":3}},"23":{"start":{"line":67,"column":1},"end":{"line":67,"column":41}},"24":{"start":{"line":69,"column":1},"end":{"line":69,"column":15}},"25":{"start":{"line":73,"column":0},"end":{"line":73,"column":38}}},"branchMap":{"1":{"line":5,"type":"if","locations":[{"start":{"line":5,"column":1},"end":{"line":5,"column":1}},{"start":{"line":5,"column":1},"end":{"line":5,"column":1}}]},"2":{"line":18,"type":"if","locations":[{"start":{"line":18,"column":3},"end":{"line":18,"column":3}},{"start":{"line":18,"column":3},"end":{"line":18,"column":3}}]}},"code":["var helpers = require('./helpers');","var exists = require('fs').existsSync;","","var safe_require = function(filename) {","\tif (exists(filename + '.js')) {","\t\treturn require(filename);","\t}","\treturn {};","};","","var build_casual = function() {","\tvar casual = helpers.extend({}, helpers);","","\tcasual.functions = function() {","\t\tvar adapter = {};","","\t\tObject.keys(this).forEach(function(name) {","\t\t\tif (name[0] === '_') {","\t\t\t\tadapter[name.slice(1)] = casual[name];","\t\t\t}","\t\t});","","\t\treturn adapter;","\t};","","\tvar providers = [","\t\t'address',","\t\t'text',","\t\t'internet',","\t\t'person',","\t\t'number',","\t\t'date',","\t\t'payment',","\t\t'misc',","\t\t'color'","\t];","","\tcasual.register_locale = function(locale) {","\t\tcasual.define(locale, function() {","\t\t\tvar casual = build_casual();","","\t\t\tproviders.forEach(function(provider) {","\t\t\t\tcasual.register_provider(helpers.extend(","\t\t\t\t\trequire('./providers/' + provider),","\t\t\t\t\tsafe_require(__dirname + '/providers/' + locale + '/' + provider)","\t\t\t\t));","\t\t\t});","","\t\t\treturn casual;","\t\t});","\t}","","\tvar locales = [","\t\t'en_US',","\t\t'ru_RU',","\t\t'uk_UA',","\t\t'nl_NL',","\t\t'en_CA',","\t\t'id_ID',","\t\t'it_CH',","\t\t'de_DE',","\t\t'ar_SY',","\t\t'pt_BR',","\t\t'nb_NO'","\t];","","\tlocales.forEach(casual.register_locale);","","\treturn casual;","};","","// Default locale is en_US","module.exports = build_casual().en_US;",""],"l":{"1":1,"2":1,"4":1,"5":9,"6":1,"8":8,"11":1,"12":2,"14":2,"15":0,"17":0,"18":0,"19":0,"23":0,"26":2,"38":2,"39":22,"40":1,"42":1,"43":9,"49":1,"53":2,"67":2,"69":2,"73":1}},"/home/travis/build/npmtest/node-npmtest-casual/node_modules/casual/src/helpers.js":{"path":"/home/travis/build/npmtest/node-npmtest-casual/node_modules/casual/src/helpers.js","s":{"1":1,"2":1,"3":0,"4":0,"5":1,"6":0,"7":0,"8":1,"9":0,"10":1,"11":9,"12":129,"13":1,"14":11,"15":26,"16":11,"17":1,"18":151,"19":43,"20":43,"21":108,"22":13,"23":95,"24":108,"25":1,"26":0,"27":1,"28":0,"29":1,"30":0,"31":0,"32":1,"33":0,"34":0,"35":0,"36":1,"37":0,"38":1},"b":{"1":[43,108],"2":[13,95]},"f":{"1":0,"2":0,"3":0,"4":9,"5":11,"6":151,"7":0,"8":0,"9":0,"10":0,"11":0,"12":0},"fnMap":{"1":{"name":"(anonymous_1)","line":3,"loc":{"start":{"line":3,"column":21},"end":{"line":3,"column":37}}},"2":{"name":"(anonymous_2)","line":8,"loc":{"start":{"line":8,"column":17},"end":{"line":8,"column":34}}},"3":{"name":"(anonymous_3)","line":13,"loc":{"start":{"line":13,"column":19},"end":{"line":13,"column":36}}},"4":{"name":"(anonymous_4)","line":17,"loc":{"start":{"line":17,"column":24},"end":{"line":17,"column":43}}},"5":{"name":"(anonymous_5)","line":23,"loc":{"start":{"line":23,"column":13},"end":{"line":23,"column":28}}},"6":{"name":"(anonymous_6)","line":31,"loc":{"start":{"line":31,"column":13},"end":{"line":31,"column":39}}},"7":{"name":"(anonymous_7)","line":49,"loc":{"start":{"line":49,"column":15},"end":{"line":49,"column":32}}},"8":{"name":"(anonymous_8)","line":53,"loc":{"start":{"line":53,"column":16},"end":{"line":53,"column":33}}},"9":{"name":"(anonymous_9)","line":57,"loc":{"start":{"line":57,"column":11},"end":{"line":57,"column":22}}},"10":{"name":"(anonymous_10)","line":62,"loc":{"start":{"line":62,"column":15},"end":{"line":62,"column":32}}},"11":{"name":"(anonymous_11)","line":64,"loc":{"start":{"line":64,"column":41},"end":{"line":64,"column":68}}},"12":{"name":"(anonymous_12)","line":69,"loc":{"start":{"line":69,"column":22},"end":{"line":69,"column":40}}}},"statementMap":{"1":{"start":{"line":1,"column":0},"end":{"line":1,"column":43}},"2":{"start":{"line":3,"column":0},"end":{"line":6,"column":2}},"3":{"start":{"line":4,"column":1},"end":{"line":4,"column":47}},"4":{"start":{"line":5,"column":1},"end":{"line":5,"column":21}},"5":{"start":{"line":8,"column":0},"end":{"line":11,"column":2}},"6":{"start":{"line":9,"column":1},"end":{"line":9,"column":32}},"7":{"start":{"line":10,"column":1},"end":{"line":10,"column":34}},"8":{"start":{"line":13,"column":0},"end":{"line":15,"column":2}},"9":{"start":{"line":14,"column":1},"end":{"line":14,"column":40}},"10":{"start":{"line":17,"column":0},"end":{"line":21,"column":2}},"11":{"start":{"line":18,"column":1},"end":{"line":20,"column":2}},"12":{"start":{"line":19,"column":2},"end":{"line":19,"column":30}},"13":{"start":{"line":23,"column":0},"end":{"line":29,"column":2}},"14":{"start":{"line":24,"column":1},"end":{"line":26,"column":2}},"15":{"start":{"line":25,"column":2},"end":{"line":25,"column":14}},"16":{"start":{"line":28,"column":1},"end":{"line":28,"column":10}},"17":{"start":{"line":31,"column":0},"end":{"line":47,"column":2}},"18":{"start":{"line":32,"column":1},"end":{"line":35,"column":2}},"19":{"start":{"line":33,"column":2},"end":{"line":33,"column":25}},"20":{"start":{"line":34,"column":2},"end":{"line":34,"column":9}},"21":{"start":{"line":37,"column":1},"end":{"line":44,"column":2}},"22":{"start":{"line":38,"column":2},"end":{"line":38,"column":36}},"23":{"start":{"line":40,"column":2},"end":{"line":43,"column":5}},"24":{"start":{"line":46,"column":1},"end":{"line":46,"column":41}},"25":{"start":{"line":49,"column":0},"end":{"line":51,"column":2}},"26":{"start":{"line":50,"column":1},"end":{"line":50,"column":42}},"27":{"start":{"line":53,"column":0},"end":{"line":55,"column":2}},"28":{"start":{"line":54,"column":1},"end":{"line":54,"column":43}},"29":{"start":{"line":57,"column":0},"end":{"line":60,"column":2}},"30":{"start":{"line":58,"column":1},"end":{"line":58,"column":53}},"31":{"start":{"line":59,"column":1},"end":{"line":59,"column":41}},"32":{"start":{"line":62,"column":0},"end":{"line":67,"column":2}},"33":{"start":{"line":63,"column":1},"end":{"line":63,"column":19}},"34":{"start":{"line":64,"column":1},"end":{"line":66,"column":4}},"35":{"start":{"line":65,"column":2},"end":{"line":65,"column":35}},"36":{"start":{"line":69,"column":0},"end":{"line":71,"column":2}},"37":{"start":{"line":70,"column":1},"end":{"line":70,"column":52}},"38":{"start":{"line":73,"column":0},"end":{"line":85,"column":2}}},"branchMap":{"1":{"line":32,"type":"if","locations":[{"start":{"line":32,"column":1},"end":{"line":32,"column":1}},{"start":{"line":32,"column":1},"end":{"line":32,"column":1}}]},"2":{"line":37,"type":"if","locations":[{"start":{"line":37,"column":1},"end":{"line":37,"column":1}},{"start":{"line":37,"column":1},"end":{"line":37,"column":1}}]}},"code":["var number = require('./providers/number');","","var random_element = function(array) {","\tvar index = this.integer(0, array.length - 1);","\treturn array[index];","};","","var random_key = function(object) {","\tvar keys = Object.keys(object);","\treturn this.random_element(keys);","};","","var random_value = function(object) {","\treturn object[this.random_key(object)];","};","","var register_provider = function(provider) {","\tfor (var i in provider) {","\t\tthis.define(i, provider[i]);","\t}","};","","var extend = function(a, b) {","\tfor (var i in b) {","\t\ta[i] = b[i];","\t}","","\treturn a;","};","","var define = function(name, generator) {","\tif (typeof generator != 'function') {","\t\tthis[name] = generator;","\t\treturn;","\t}","","\tif (generator.length) {","\t\tthis[name] = generator.bind(this);","\t} else {","\t\tObject.defineProperty(this, name, { ","\t\t\tget: generator,","\t\t\tconfigurable: true","\t\t});","\t}","","\tthis['_' + name] = generator.bind(this);","};","","var numerify = function(format) {","\treturn format.replace(/#/g, this._digit);","};","","var letterify = function(format) {","\treturn format.replace(/X/g, this._letter);","};","","var join = function() {","\tvar tokens = Array.prototype.slice.apply(arguments);","\treturn tokens.filter(Boolean).join(' ');","};","","var populate = function(format) {","\tvar casual = this;","\treturn format.replace(/\\{\\{(.+?)\\}\\}/g, function(match, generator) {","\t\treturn casual['_' + generator]();","\t});","};","","var populate_one_of = function(formats) {","\treturn this.populate(this.random_element(formats));","};","","module.exports = {","\trandom_element: random_element,","\trandom_value: random_value,","\trandom_key: random_key,","\tregister_provider: register_provider,","\textend: extend,","\tdefine: define,","\tnumerify: numerify,","\tletterify:letterify,","\tjoin: join,","\tpopulate: populate,","\tpopulate_one_of: populate_one_of","};",""],"l":{"1":1,"3":1,"4":0,"5":0,"8":1,"9":0,"10":0,"13":1,"14":0,"17":1,"18":9,"19":129,"23":1,"24":11,"25":26,"28":11,"31":1,"32":151,"33":43,"34":43,"37":108,"38":13,"40":95,"46":108,"49":1,"50":0,"53":1,"54":0,"57":1,"58":0,"59":0,"62":1,"63":0,"64":0,"65":0,"69":1,"70":0,"73":1}},"/home/travis/build/npmtest/node-npmtest-casual/node_modules/casual/src/providers/number.js":{"path":"/home/travis/build/npmtest/node-npmtest-casual/node_modules/casual/src/providers/number.js","s":{"1":1,"2":1,"3":1,"4":0,"5":0,"6":0,"7":0,"8":1,"9":0,"10":0,"11":0,"12":0,"13":0,"14":0,"15":0,"16":0,"17":0,"18":0,"19":0,"20":0,"21":0,"22":0,"23":0,"24":0,"25":1},"b":{"1":[0,0],"2":[0,0],"3":[0,0],"4":[0,0],"5":[0,0],"6":[0,0],"7":[0,0]},"f":{"1":0,"2":0,"3":0,"4":0,"5":0,"6":0,"7":0,"8":0,"9":0,"10":0},"fnMap":{"1":{"name":"(anonymous_1)","line":6,"loc":{"start":{"line":6,"column":15},"end":{"line":6,"column":38}}},"2":{"name":"(anonymous_2)","line":16,"loc":{"start":{"line":16,"column":10},"end":{"line":16,"column":29}}},"3":{"name":"(anonymous_3)","line":23,"loc":{"start":{"line":23,"column":8},"end":{"line":23,"column":19}}},"4":{"name":"(anonymous_4)","line":27,"loc":{"start":{"line":27,"column":9},"end":{"line":27,"column":20}}},"5":{"name":"(anonymous_5)","line":31,"loc":{"start":{"line":31,"column":9},"end":{"line":31,"column":28}}},"6":{"name":"(anonymous_6)","line":38,"loc":{"start":{"line":38,"column":18},"end":{"line":38,"column":30}}},"7":{"name":"(anonymous_7)","line":43,"loc":{"start":{"line":43,"column":20},"end":{"line":43,"column":32}}},"8":{"name":"(anonymous_8)","line":48,"loc":{"start":{"line":48,"column":19},"end":{"line":48,"column":31}}},"9":{"name":"(anonymous_9)","line":53,"loc":{"start":{"line":53,"column":12},"end":{"line":53,"column":23}}},"10":{"name":"(anonymous_10)","line":57,"loc":{"start":{"line":57,"column":7},"end":{"line":57,"column":22}}}},"statementMap":{"1":{"start":{"line":1,"column":0},"end":{"line":1,"column":50}},"2":{"start":{"line":4,"column":0},"end":{"line":4,"column":38}},"3":{"start":{"line":6,"column":0},"end":{"line":13,"column":2}},"4":{"start":{"line":7,"column":1},"end":{"line":7,"column":17}},"5":{"start":{"line":8,"column":1},"end":{"line":10,"column":2}},"6":{"start":{"line":9,"column":2},"end":{"line":9,"column":27}},"7":{"start":{"line":12,"column":1},"end":{"line":12,"column":15}},"8":{"start":{"line":15,"column":0},"end":{"line":60,"column":2}},"9":{"start":{"line":17,"column":2},"end":{"line":17,"column":56}},"10":{"start":{"line":18,"column":2},"end":{"line":18,"column":54}},"11":{"start":{"line":20,"column":2},"end":{"line":20,"column":54}},"12":{"start":{"line":24,"column":2},"end":{"line":24,"column":40}},"13":{"start":{"line":28,"column":2},"end":{"line":28,"column":28}},"14":{"start":{"line":32,"column":2},"end":{"line":32,"column":56}},"15":{"start":{"line":33,"column":2},"end":{"line":33,"column":54}},"16":{"start":{"line":35,"column":2},"end":{"line":35,"column":42}},"17":{"start":{"line":39,"column":2},"end":{"line":39,"column":13}},"18":{"start":{"line":40,"column":2},"end":{"line":40,"column":34}},"19":{"start":{"line":44,"column":2},"end":{"line":44,"column":13}},"20":{"start":{"line":45,"column":2},"end":{"line":45,"column":36}},"21":{"start":{"line":49,"column":2},"end":{"line":49,"column":13}},"22":{"start":{"line":50,"column":2},"end":{"line":50,"column":35}},"23":{"start":{"line":54,"column":2},"end":{"line":54,"column":34}},"24":{"start":{"line":58,"column":2},"end":{"line":58,"column":28}},"25":{"start":{"line":62,"column":0},"end":{"line":62,"column":26}}},"branchMap":{"1":{"line":17,"type":"cond-expr","locations":[{"start":{"line":17,"column":39},"end":{"line":17,"column":44}},{"start":{"line":17,"column":47},"end":{"line":17,"column":55}}]},"2":{"line":18,"type":"cond-expr","locations":[{"start":{"line":18,"column":39},"end":{"line":18,"column":44}},{"start":{"line":18,"column":47},"end":{"line":18,"column":53}}]},"3":{"line":32,"type":"cond-expr","locations":[{"start":{"line":32,"column":39},"end":{"line":32,"column":44}},{"start":{"line":32,"column":47},"end":{"line":32,"column":55}}]},"4":{"line":33,"type":"cond-expr","locations":[{"start":{"line":33,"column":39},"end":{"line":33,"column":44}},{"start":{"line":33,"column":47},"end":{"line":33,"column":53}}]},"5":{"line":39,"type":"binary-expr","locations":[{"start":{"line":39,"column":6},"end":{"line":39,"column":7}},{"start":{"line":39,"column":11},"end":{"line":39,"column":12}}]},"6":{"line":44,"type":"binary-expr","locations":[{"start":{"line":44,"column":6},"end":{"line":44,"column":7}},{"start":{"line":44,"column":11},"end":{"line":44,"column":12}}]},"7":{"line":49,"type":"binary-expr","locations":[{"start":{"line":49,"column":6},"end":{"line":49,"column":7}},{"start":{"line":49,"column":11},"end":{"line":49,"column":12}}]}},"code":["var MersenneTwister = require('mersenne-twister');","","// Pseudorandom number generator","var generator = new MersenneTwister();","","var array_of = function(n, generator) {","\tvar result = [];","\tfor (var i = 0; i < n; ++i) {","\t\tresult.push(generator());","\t}","","\treturn result;","};","","var provider = {","\tinteger: function(from, to) {","\t\tfrom = typeof from === 'undefined' ? -1000 : from - 0;","\t\tto   = typeof to   === 'undefined' ? +1000 : to - 0;","","\t\treturn Math.round(from + (to - from) * this.random);","\t},","","\tdigit: function() {","\t\treturn Math.abs(this.integer(0) % 10);","\t},","","\trandom: function() {","\t\treturn generator.random();","\t},","","\tdouble: function(from, to) {","\t\tfrom = typeof from === 'undefined' ? -1000 : from - 0;","\t\tto   = typeof to   === 'undefined' ? +1000 : to - 0;","","\t\treturn from + (to - from) * this.random;","\t},","","\tarray_of_digits: function(n) {","\t\tn = n || 7;","\t\treturn array_of(n, this._digit);","\t},","","\tarray_of_integers: function(n) {","\t\tn = n || 7;","\t\treturn array_of(n, this._integer);","\t},","","\tarray_of_doubles: function(n) {","\t\tn = n || 7;","\t\treturn array_of(n, this._double);","\t},","","\tcoin_flip: function() {","\t\treturn generator.random() < 0.5;","\t},","","\tseed: function(seed) {","\t\tgenerator.init_seed(seed);","\t}","};","","module.exports = provider;",""],"l":{"1":1,"4":1,"6":1,"7":0,"8":0,"9":0,"12":0,"15":1,"17":0,"18":0,"20":0,"24":0,"28":0,"32":0,"33":0,"35":0,"39":0,"40":0,"44":0,"45":0,"49":0,"50":0,"54":0,"58":0,"62":1}},"/home/travis/build/npmtest/node-npmtest-casual/node_modules/casual/src/providers/address.js":{"path":"/home/travis/build/npmtest/node-npmtest-casual/node_modules/casual/src/providers/address.js","s":{"1":1,"2":0,"3":0,"4":0,"5":0,"6":0,"7":0,"8":0,"9":0,"10":0,"11":0,"12":0,"13":0,"14":0,"15":0,"16":0,"17":0,"18":0,"19":1},"b":{"1":[0,0],"2":[0,0]},"f":{"1":0,"2":0,"3":0,"4":0,"5":0,"6":0,"7":0,"8":0,"9":0,"10":0,"11":0,"12":0,"13":0},"fnMap":{"1":{"name":"(anonymous_1)","line":37,"loc":{"start":{"line":37,"column":10},"end":{"line":37,"column":21}}},"2":{"name":"(anonymous_2)","line":41,"loc":{"start":{"line":41,"column":14},"end":{"line":41,"column":25}}},"3":{"name":"(anonymous_3)","line":45,"loc":{"start":{"line":45,"column":14},"end":{"line":45,"column":25}}},"4":{"name":"(anonymous_4)","line":49,"loc":{"start":{"line":49,"column":7},"end":{"line":49,"column":18}}},"5":{"name":"(anonymous_5)","line":53,"loc":{"start":{"line":53,"column":6},"end":{"line":53,"column":23}}},"6":{"name":"(anonymous_6)","line":63,"loc":{"start":{"line":63,"column":16},"end":{"line":63,"column":27}}},"7":{"name":"(anonymous_7)","line":67,"loc":{"start":{"line":67,"column":9},"end":{"line":67,"column":20}}},"8":{"name":"(anonymous_8)","line":71,"loc":{"start":{"line":71,"column":10},"end":{"line":71,"column":21}}},"9":{"name":"(anonymous_9)","line":75,"loc":{"start":{"line":75,"column":11},"end":{"line":75,"column":22}}},"10":{"name":"(anonymous_10)","line":79,"loc":{"start":{"line":79,"column":11},"end":{"line":79,"column":22}}},"11":{"name":"(anonymous_11)","line":83,"loc":{"start":{"line":83,"column":11},"end":{"line":83,"column":23}}},"12":{"name":"(anonymous_12)","line":87,"loc":{"start":{"line":87,"column":12},"end":{"line":87,"column":24}}},"13":{"name":"(anonymous_13)","line":91,"loc":{"start":{"line":91,"column":18},"end":{"line":91,"column":29}}}},"statementMap":{"1":{"start":{"line":1,"column":0},"end":{"line":94,"column":2}},"2":{"start":{"line":38,"column":2},"end":{"line":38,"column":45}},"3":{"start":{"line":42,"column":2},"end":{"line":42,"column":49}},"4":{"start":{"line":46,"column":2},"end":{"line":46,"column":49}},"5":{"start":{"line":50,"column":2},"end":{"line":50,"column":49}},"6":{"start":{"line":54,"column":2},"end":{"line":60,"column":3}},"7":{"start":{"line":55,"column":3},"end":{"line":55,"column":45}},"8":{"start":{"line":56,"column":9},"end":{"line":60,"column":3}},"9":{"start":{"line":57,"column":3},"end":{"line":57,"column":45}},"10":{"start":{"line":59,"column":3},"end":{"line":59,"column":63}},"11":{"start":{"line":64,"column":2},"end":{"line":64,"column":51}},"12":{"start":{"line":68,"column":2},"end":{"line":68,"column":51}},"13":{"start":{"line":72,"column":2},"end":{"line":72,"column":52}},"14":{"start":{"line":76,"column":2},"end":{"line":76,"column":53}},"15":{"start":{"line":80,"column":2},"end":{"line":80,"column":67}},"16":{"start":{"line":84,"column":2},"end":{"line":84,"column":65}},"17":{"start":{"line":88,"column":2},"end":{"line":88,"column":66}},"18":{"start":{"line":92,"column":2},"end":{"line":92,"column":74}},"19":{"start":{"line":96,"column":0},"end":{"line":96,"column":26}}},"branchMap":{"1":{"line":54,"type":"if","locations":[{"start":{"line":54,"column":2},"end":{"line":54,"column":2}},{"start":{"line":54,"column":2},"end":{"line":54,"column":2}}]},"2":{"line":56,"type":"if","locations":[{"start":{"line":56,"column":9},"end":{"line":56,"column":9}},{"start":{"line":56,"column":9},"end":{"line":56,"column":9}}]}},"code":["var provider = {","\tcity_prefixes: ['North', 'East', 'West', 'South', 'New', 'Lake', 'Port'],","","\tcity_suffixes: ['town', 'ton', 'land', 'ville', 'berg', 'burgh', 'borough', 'bury', 'view', 'port', 'mouth', 'stad', 'furt', 'chester', 'mouth', 'fort', 'haven', 'side', 'shire'],","","\tstreet_suffixes: ['Alley', 'Avenue', 'Branch', 'Bridge', 'Brook', 'Brooks', 'Burg', 'Burgs', 'Bypass', 'Camp', 'Canyon', 'Cape', 'Causeway', 'Center', 'Centers', 'Circle', 'Circles', 'Cliff', 'Cliffs', 'Club', 'Common', 'Corner', 'Corners', 'Course', 'Court', 'Courts', 'Cove', 'Coves', 'Creek', 'Crescent', 'Crest', 'Crossing', 'Crossroad', 'Curve', 'Dale', 'Dam', 'Divide', 'Drive', 'Drive', 'Drives', 'Estate', 'Estates', 'Expressway', 'Extension', 'Extensions', 'Fall', 'Falls', 'Ferry', 'Field', 'Fields', 'Flat', 'Flats', 'Ford', 'Fords', 'Forest', 'Forge', 'Forges', 'Fork', 'Forks', 'Fort', 'Freeway', 'Garden', 'Gardens', 'Gateway', 'Glen', 'Glens', 'Green', 'Greens', 'Grove', 'Groves', 'Harbor', 'Harbors', 'Haven', 'Heights', 'Highway', 'Hill', 'Hills', 'Hollow', 'Inlet', 'Inlet', 'Island', 'Island', 'Islands', 'Islands', 'Isle', 'Isle', 'Junction', 'Junctions', 'Key', 'Keys', 'Knoll', 'Knolls', 'Lake', 'Lakes', 'Land', 'Landing', 'Lane', 'Light', 'Lights', 'Loaf', 'Lock', 'Locks', 'Locks', 'Lodge', 'Lodge', 'Loop', 'Mall', 'Manor', 'Manors', 'Meadow', 'Meadows', 'Mews', 'Mill', 'Mills', 'Mission', 'Mission', 'Motorway', 'Mount', 'Mountain', 'Mountain', 'Mountains', 'Mountains', 'Neck', 'Orchard', 'Oval', 'Overpass', 'Park', 'Parks', 'Parkway', 'Parkways', 'Pass', 'Passage', 'Path', 'Pike', 'Pine', 'Pines', 'Place', 'Plain', 'Plains', 'Plains', 'Plaza', 'Plaza', 'Point', 'Points', 'Port', 'Port', 'Ports', 'Ports', 'Prairie', 'Prairie', 'Radial', 'Ramp', 'Ranch', 'Rapid', 'Rapids', 'Rest', 'Ridge', 'Ridges', 'River', 'Road', 'Road', 'Roads', 'Roads', 'Route', 'Row', 'Rue', 'Run', 'Shoal', 'Shoals', 'Shore', 'Shores', 'Skyway', 'Spring', 'Springs', 'Springs', 'Spur', 'Spurs', 'Square', 'Square', 'Squares', 'Squares', 'Station', 'Station', 'Stravenue', 'Stravenue', 'Stream', 'Stream', 'Street', 'Street', 'Streets', 'Summit', 'Summit', 'Terrace', 'Throughway', 'Trace', 'Track', 'Trafficway', 'Trail', 'Trail', 'Tunnel', 'Tunnel', 'Turnpike', 'Turnpike', 'Underpass', 'Union', 'Unions', 'Valley', 'Valleys', 'Via', 'Viaduct', 'View', 'Views', 'Village', 'Village', 'Villages', 'Ville', 'Vista', 'Vista', 'Walk', 'Walks', 'Wall', 'Way', 'Ways', 'Well', 'Wells'],","","\tcountries: ['Afghanistan', 'Albania', 'Algeria', 'American Samoa', 'Andorra', 'Angola', 'Anguilla', 'Antarctica (the territory South of 60 deg S)', 'Antigua and Barbuda', 'Argentina', 'Armenia', 'Aruba', 'Australia', 'Austria', 'Azerbaijan', 'Bahamas', 'Bahrain', 'Bangladesh', 'Barbados', 'Belarus', 'Belgium', 'Belize', 'Benin', 'Bermuda', 'Bhutan', 'Bolivia', 'Bosnia and Herzegovina', 'Botswana', 'Bouvet Island (Bouvetoya)', 'Brazil', 'British Indian Ocean Territory (Chagos Archipelago)', 'British Virgin Islands', 'Brunei Darussalam', 'Bulgaria', 'Burkina Faso', 'Burundi', 'Cambodia', 'Cameroon', 'Canada', 'Cape Verde', 'Cayman Islands', 'Central African Republic', 'Chad', 'Chile', 'China', 'Christmas Island', 'Cocos (Keeling) Islands', 'Colombia', 'Comoros', 'Congo', 'Cook Islands', 'Costa Rica', 'Cote d\\'Ivoire', 'Croatia', 'Cuba', 'Cyprus', 'Czech Republic', 'Denmark', 'Djibouti', 'Dominica', 'Dominican Republic', 'Ecuador', 'Egypt', 'El Salvador', 'Equatorial Guinea', 'Eritrea', 'Estonia', 'Ethiopia', 'Faroe Islands', 'Falkland Islands (Malvinas)', 'Fiji', 'Finland', 'France', 'French Guiana', 'French Polynesia', 'French Southern Territories', 'Gabon', 'Gambia', 'Georgia', 'Germany', 'Ghana', 'Gibraltar', 'Greece', 'Greenland', 'Grenada', 'Guadeloupe', 'Guam', 'Guatemala', 'Guernsey', 'Guinea', 'Guinea-Bissau', 'Guyana', 'Haiti', 'Heard Island and McDonald Islands', 'Holy See (Vatican City State)', 'Honduras', 'Hong Kong', 'Hungary', 'Iceland', 'India', 'Indonesia', 'Iran', 'Iraq', 'Ireland', 'Isle of Man', 'Israel', 'Italy', 'Jamaica', 'Japan', 'Jersey', 'Jordan', 'Kazakhstan', 'Kenya', 'Kiribati', 'Korea', 'Korea', 'Kuwait', 'Kyrgyz Republic', 'Lao People\\'s Democratic Republic', 'Latvia', 'Lebanon', 'Lesotho', 'Liberia', 'Libyan Arab Jamahiriya', 'Liechtenstein', 'Lithuania', 'Luxembourg', 'Macao', 'Macedonia', 'Madagascar', 'Malawi', 'Malaysia', 'Maldives', 'Mali', 'Malta', 'Marshall Islands', 'Martinique', 'Mauritania', 'Mauritius', 'Mayotte', 'Mexico', 'Micronesia', 'Moldova', 'Monaco', 'Mongolia', 'Montenegro', 'Montserrat', 'Morocco', 'Mozambique', 'Myanmar', 'Namibia', 'Nauru', 'Nepal', 'Netherlands Antilles', 'Netherlands', 'New Caledonia', 'New Zealand', 'Nicaragua', 'Niger', 'Nigeria', 'Niue', 'Norfolk Island', 'Northern Mariana Islands', 'Norway', 'Oman', 'Pakistan', 'Palau', 'Palestinian Territory', 'Panama', 'Papua New Guinea', 'Paraguay', 'Peru', 'Philippines', 'Pitcairn Islands', 'Poland', 'Portugal', 'Puerto Rico', 'Qatar', 'Reunion', 'Romania', 'Russian Federation', 'Rwanda', 'Saint Barthelemy', 'Saint Helena', 'Saint Kitts and Nevis', 'Saint Lucia', 'Saint Martin', 'Saint Pierre and Miquelon', 'Saint Vincent and the Grenadines', 'Samoa', 'San Marino', 'Sao Tome and Principe', 'Saudi Arabia', 'Senegal', 'Serbia', 'Seychelles', 'Sierra Leone', 'Singapore', 'Slovakia (Slovak Republic)', 'Slovenia', 'Solomon Islands', 'Somalia', 'South Africa', 'South Georgia and the South Sandwich Islands', 'Spain', 'Sri Lanka', 'Sudan', 'Suriname', 'Svalbard & Jan Mayen Islands', 'Swaziland', 'Sweden', 'Switzerland', 'Syrian Arab Republic', 'Taiwan', 'Tajikistan', 'Tanzania', 'Thailand', 'Timor-Leste', 'Togo', 'Tokelau', 'Tonga', 'Trinidad and Tobago', 'Tunisia', 'Turkey', 'Turkmenistan', 'Turks and Caicos Islands', 'Tuvalu', 'Uganda', 'Ukraine', 'United Arab Emirates', 'United Kingdom', 'United States of America', 'United States Minor Outlying Islands', 'United States Virgin Islands', 'Uruguay', 'Uzbekistan', 'Vanuatu', 'Venezuela', 'Vietnam', 'Wallis and Futuna', 'Western Sahara', 'Yemen', 'Zambia', 'Zimbabwe'],","","\tzip_formats: ['#####', '#####-####'],","","\tbuilding_number_formats: ['##', '###', '####'],","","\tcity_formats: [","\t\t'{{city_prefix}} {{first_name}}{{city_suffix}}',","\t\t'{{city_prefix}} {{first_name}}',","\t\t'{{first_name}}{{city_suffix}}',","\t\t'{{last_name}}{{city_suffix}}'","\t],","","\tstreet_formats: [","\t\t'{{first_name}} {{street_suffix}}',","\t\t'{{last_name}} {{street_suffix}}'","\t],","","\taddress1_formats: [","\t\t'{{building_number}} {{street}}',","\t\t'{{building_number}} {{street}} {{address2}}',","\t],","","\taddress2_formats: ['Apt. ###', 'Suite ###'],","","\taddress_formats: [","\t\t'{{address1}}\\n{{city}}, {{state_abbr}} {{zip}}',","\t],","","\tcountry: function() {","\t\treturn this.random_element(this.countries);","\t},","","\tcity_prefix: function() {","\t\treturn this.random_element(this.city_prefixes);","\t},","","\tcity_suffix: function() {","\t\treturn this.random_element(this.city_suffixes);","\t},","","\tcity: function() {","\t\treturn this.populate_one_of(this.city_formats);","\t},","","\tzip: function(digits) {","\t\tif (digits === 5) {","\t\t\treturn this.numerify(this.zip_formats[0]);","\t\t} else if (digits === 9) {","\t\t\treturn this.numerify(this.zip_formats[1]);","\t\t} else {","\t\t\treturn this.numerify(this.random_element(this.zip_formats));","\t\t}","\t},","","\tstreet_suffix: function() {","\t\treturn this.random_element(this.street_suffixes);","\t},","","\tstreet: function() {","\t\treturn this.populate_one_of(this.street_formats);","\t},","","\taddress: function() {","\t\treturn this.populate_one_of(this.address_formats);","\t},","","\taddress1: function() {","\t\treturn this.populate_one_of(this.address1_formats);","\t},","","\taddress2: function() {","\t\treturn this.numerify(this.random_element(this.address2_formats));","\t},","","\tlatitude: function () {","\t\treturn (this.integer(180 * 10000) / 10000.0 - 90.0).toFixed(4);","\t},","","\tlongitude: function () {","\t\treturn (this.integer(360 * 10000) / 10000.0 - 180.0).toFixed(4);","\t},","","\tbuilding_number: function() {","\t\treturn this.numerify(this.random_element(this.building_number_formats));","\t}","};","","module.exports = provider;",""],"l":{"1":1,"38":0,"42":0,"46":0,"50":0,"54":0,"55":0,"56":0,"57":0,"59":0,"64":0,"68":0,"72":0,"76":0,"80":0,"84":0,"88":0,"92":0,"96":1}},
[...]
t\t'application/x-7z-compressed': '7z',","\t\t'application/x-bittorrent': 'torrent',","\t\t'application/x-blorb': ['blb', 'blorb'],","\t\t'application/x-bzip': 'bz',","\t\t'application/x-cdlink': 'vcd',","\t\t'application/x-cfs-compressed': 'cfs',","\t\t'application/x-chat': 'chat',","\t\t'application/x-chess-pgn': 'pgn',","\t\t'application/x-conference': 'nsc',","\t\t'application/x-cpio': 'cpio',","\t\t'application/x-csh': 'csh',","\t\t'application/x-debian-package': ['deb', 'udeb'],","\t\t'application/x-dgc-compressed': 'dgc',","\t\t'application/x-director': [","\t\t\t'dir',","\t\t\t'dcr',","\t\t\t'dxr',","\t\t\t'cst',","\t\t\t'cct',","\t\t\t'cxt',","\t\t\t'w3d',","\t\t\t'fgd',","\t\t\t'swa'","\t\t],","\t\t'application/x-font-ttf': ['ttf', 'ttc'],","\t\t'application/x-font-type1': ['pfa', 'pfb', 'pfm', 'afm'],","\t\t'application/x-font-woff': 'woff',","\t\t'application/x-freearc': 'arc',","\t\t'application/x-futuresplash': 'spl',","\t\t'application/x-gca-compressed': 'gca',","\t\t'application/x-glulx': 'ulx',","\t\t'application/x-gnumeric': 'gnumeric',","\t\t'application/x-gramps-xml': 'gramps',","\t\t'application/x-gtar': 'gtar',","\t\t'application/x-hdf': 'hdf',","\t\t'application/x-install-instructions': 'install',","\t\t'application/x-iso9660-image': 'iso',","\t\t'application/x-java-jnlp-file': 'jnlp',","\t\t'application/x-latex': 'latex',","\t\t'application/x-lzh-compressed': ['lzh', 'lha'],","\t\t'application/x-mie': 'mie',","\t\t'application/x-mobipocket-ebook': ['prc', 'mobi'],","\t\t'application/x-ms-application': 'application',","\t\t'application/x-ms-shortcut': 'lnk',","\t\t'application/x-ms-wmd': 'wmd',","\t\t'application/x-ms-wmz': 'wmz',","\t\t'application/x-ms-xbap': 'xbap',","\t\t'application/x-msaccess': 'mdb',","\t\t'application/x-msbinder': 'obd',","\t\t'application/x-mscardfile': 'crd',","\t\t'application/x-msclip': 'clp',","\t\t'application/x-msdownload': ['exe', 'dll', 'com', 'bat', 'msi'],","\t\t'application/x-msmediaview': [","\t\t\t'mvb',","\t\t\t'm13',","\t\t\t'm14'","\t\t],","\t\t'application/x-msmetafile': ['wmf', 'wmz', 'emf', 'emz'],","\t\t'application/x-rar-compressed': 'rar',","\t\t'application/x-research-info-systems': 'ris',","\t\t'application/x-sh': 'sh',","\t\t'application/x-shar': 'shar',","\t\t'application/x-shockwave-flash': 'swf',","\t\t'application/x-silverlight-app': 'xap',","\t\t'application/x-sql': 'sql',","\t\t'application/x-stuffit': 'sit',","\t\t'application/x-stuffitx': 'sitx',","\t\t'application/x-subrip': 'srt',","\t\t'application/x-sv4cpio': 'sv4cpio',","\t\t'application/x-sv4crc': 'sv4crc',","\t\t'application/x-t3vm-image': 't3',","\t\t'application/x-tads': 'gam',","\t\t'application/x-tar': 'tar',","\t\t'application/x-tcl': 'tcl',","\t\t'application/x-tex': 'tex',","\t\t'application/x-tex-tfm': 'tfm',","\t\t'application/x-texinfo': ['texinfo', 'texi'],","\t\t'application/x-tgif': 'obj',","\t\t'application/x-ustar': 'ustar',","\t\t'application/x-wais-source': 'src',","\t\t'application/x-x509-ca-cert': ['der', 'crt'],","\t\t'application/x-xfig': 'fig',","\t\t'application/x-xliff+xml': 'xlf',","\t\t'application/x-xpinstall': 'xpi',","\t\t'application/x-xz': 'xz',","\t\t'application/x-zmachine': 'z1',","\t\t'application/xaml+xml': 'xaml',","\t\t'application/xcap-diff+xml': 'xdf',","\t\t'application/xenc+xml': 'xenc',","\t\t'application/xhtml+xml': ['xhtml', 'xht'],","\t\t'application/xml': ['xml', 'xsl'],","\t\t'application/xml-dtd': 'dtd',","\t\t'application/xop+xml': 'xop',","\t\t'application/xproc+xml': 'xpl',","\t\t'application/xslt+xml': 'xslt',","\t\t'application/xspf+xml': 'xspf',","\t\t'application/xv+xml': ['mxml', 'xhvml', 'xvml', 'xvm'],","\t\t'application/yang': 'yang',","\t\t'application/yin+xml': 'yin',","\t\t'application/zip': 'zip',","\t\t'audio/adpcm': 'adp',","\t\t'audio/basic': ['au', 'snd'],","\t\t'audio/midi': ['mid', 'midi', 'kar', 'rmi'],","\t\t'audio/mp4': 'mp4a',","\t\t'audio/mpeg': [","\t\t\t'mpga',","\t\t\t'mp2',","\t\t\t'mp2a',","\t\t\t'mp3',","\t\t\t'm2a',","\t\t\t'm3a'","\t\t],","\t\t'audio/ogg': ['oga', 'ogg', 'spx'],","\t\t'audio/vnd.dece.audio': ['uva', 'uvva'],","\t\t'audio/vnd.rip': 'rip',","\t\t'audio/webm': 'weba',","\t\t'audio/x-aac': 'aac',","\t\t'audio/x-aiff': ['aif', 'aiff', 'aifc'],","\t\t'audio/x-caf': 'caf',","\t\t'audio/x-flac': 'flac',","\t\t'audio/x-matroska': 'mka',","\t\t'audio/x-mpegurl': 'm3u',","\t\t'audio/x-ms-wax': 'wax',","\t\t'audio/x-ms-wma': 'wma',","\t\t'audio/x-pn-realaudio': ['ram', 'ra'],","\t\t'audio/x-pn-realaudio-plugin': 'rmp',","\t\t'audio/x-wav': 'wav',","\t\t'audio/xm': 'xm',","\t\t'image/bmp': 'bmp',","\t\t'image/cgm': 'cgm',","\t\t'image/g3fax': 'g3',","\t\t'image/gif': 'gif',","\t\t'image/ief': 'ief',","\t\t'image/jpeg': ['jpeg', 'jpg', 'jpe'],","\t\t'image/ktx': 'ktx',","\t\t'image/png': 'png',","\t\t'image/prs.btif': 'btif',","\t\t'image/sgi': 'sgi',","\t\t'image/svg+xml': ['svg', 'svgz'],","\t\t'image/tiff': ['tiff', 'tif'],","\t\t'image/vnd.adobe.photoshop': 'psd',","\t\t'image/vnd.dece.graphic': ['uvi', 'uvvi', 'uvg', 'uvvg'],","\t\t'image/vnd.dvb.subtitle': 'sub',","\t\t'image/vnd.djvu': ['djvu', 'djv'],","\t\t'image/vnd.dwg': 'dwg',","\t\t'image/vnd.dxf': 'dxf',","\t\t'image/vnd.fastbidsheet': 'fbs',","\t\t'image/vnd.fpx': 'fpx',","\t\t'image/vnd.fst': 'fst',","\t\t'image/vnd.fujixerox.edmics-mmr': 'mmr',","\t\t'image/vnd.fujixerox.edmics-rlc': 'rlc',","\t\t'image/vnd.ms-modi': 'mdi',","\t\t'image/vnd.ms-photo': 'wdp',","\t\t'image/vnd.net-fpx': 'npx',","\t\t'image/vnd.wap.wbmp': 'wbmp',","\t\t'image/vnd.xiff': 'xif',","\t\t'image/webp': 'webp',","\t\t'image/x-3ds': '3ds',","\t\t'image/x-cmu-raster': 'ras',","\t\t'image/x-cmx': 'cmx',","\t\t'image/x-freehand': ['fh', 'fhc', 'fh4', 'fh5', 'fh7'],","\t\t'image/x-icon': 'ico',","\t\t'image/x-mrsid-image': 'sid',","\t\t'image/x-pcx': 'pcx',","\t\t'image/x-pict': ['pic', 'pct'],","\t\t'image/x-portable-anymap': 'pnm',","\t\t'image/x-portable-bitmap': 'pbm',","\t\t'image/x-portable-graymap': 'pgm',","\t\t'image/x-portable-pixmap': 'ppm',","\t\t'image/x-rgb': 'rgb',","\t\t'image/x-tga': 'tga',","\t\t'image/x-xbitmap': 'xbm',","\t\t'image/x-xpixmap': 'xpm',","\t\t'image/x-xwindowdump': 'xwd',","\t\t'message/rfc822': ['eml', 'mime'],","\t\t'model/iges': ['igs', 'iges'],","\t\t'model/mesh': ['msh', 'mesh', 'silo'],","\t\t'model/vnd.collada+xml': 'dae',","\t\t'model/vnd.dwf': 'dwf',","\t\t'model/vnd.gdl': 'gdl',","\t\t'model/vnd.gtw': 'gtw',","\t\t'model/vnd.mts': 'mts',","\t\t'model/vnd.vtu': 'vtu',","\t\t'model/vrml': ['wrl', 'vrml'],","\t\t'model/x3d+binary': 'x3db',","\t\t'model/x3d+vrml': 'x3dv',","\t\t'model/x3d+xml': 'x3d',","\t\t'text/cache-manifest': 'appcache',","\t\t'text/calendar': ['ics', 'ifb'],","\t\t'text/css': 'css',","\t\t'text/csv': 'csv',","\t\t'text/html': ['html', 'htm'],","\t\t'text/n3': 'n3',","\t\t'text/plain': [","\t\t\t'txt',","\t\t\t'text',","\t\t\t'conf',","\t\t\t'def',","\t\t\t'list',","\t\t\t'log',","\t\t\t'in'","\t\t],","\t\t'text/prs.lines.tag': 'dsc',","\t\t'text/richtext': 'rtx',","\t\t'text/sgml': ['sgml', 'sgm'],","\t\t'text/tab-separated-values': 'tsv',","\t\t'text/troff': [","\t\t\t't',","\t\t\t'tr',","\t\t\t'roff',","\t\t\t'man',","\t\t\t'me',","\t\t\t'ms'","\t\t],","\t\t'text/turtle': 'ttl',","\t\t'text/uri-list': ['uri', 'uris', 'urls'],","\t\t'text/vcard': 'vcard',","\t\t'text/vnd.curl': 'curl',","\t\t'text/vnd.curl.dcurl': 'dcurl',","\t\t'text/vnd.curl.scurl': 'scurl',","\t\t'text/vnd.curl.mcurl': 'mcurl',","\t\t'text/vnd.dvb.subtitle': 'sub',","\t\t'text/vnd.fly': 'fly',","\t\t'text/vnd.fmi.flexstor': 'flx',","\t\t'text/vnd.graphviz': 'gv',","\t\t'text/vnd.in3d.3dml': '3dml',","\t\t'text/vnd.in3d.spot': 'spot',","\t\t'text/vnd.sun.j2me.app-descriptor': 'jad',","\t\t'text/vnd.wap.wml': 'wml',","\t\t'text/vnd.wap.wmlscript': 'wmls',","\t\t'text/x-asm': ['s', 'asm'],","\t\t'text/x-fortran': ['f', 'for', 'f77', 'f90'],","\t\t'text/x-java-source': 'java',","\t\t'text/x-opml': 'opml',","\t\t'text/x-pascal': ['p', 'pas'],","\t\t'text/x-nfo': 'nfo',","\t\t'text/x-setext': 'etx',","\t\t'text/x-sfv': 'sfv',","\t\t'text/x-uuencode': 'uu',","\t\t'text/x-vcalendar': 'vcs',","\t\t'text/x-vcard': 'vcf',","\t\t'video/3gpp': '3gp',","\t\t'video/3gpp2': '3g2',","\t\t'video/h261': 'h261',","\t\t'video/h263': 'h263',","\t\t'video/h264': 'h264',","\t\t'video/jpeg': 'jpgv',","\t\t'video/jpm': ['jpm', 'jpgm'],","\t\t'video/mj2': 'mj2',","\t\t'video/mp4': 'mp4',","\t\t'video/mpeg': ['mpeg', 'mpg', 'mpe', 'm1v', 'm2v'],","\t\t'video/ogg': 'ogv',","\t\t'video/quicktime': ['qt', 'mov'],","\t\t'video/vnd.dece.hd': ['uvh', 'uvvh'],","\t\t'video/vnd.dece.mobile': ['uvm', 'uvvm'],","\t\t'video/vnd.dece.pd': ['uvp', 'uvvp'],","\t\t'video/vnd.dece.sd': ['uvs', 'uvvs'],","\t\t'video/vnd.dece.video': ['uvv', 'uvvv'],","\t\t'video/vnd.dvb.file': 'dvb',","\t\t'video/vnd.fvt': 'fvt',","\t\t'video/vnd.mpegurl': ['mxu', 'm4u'],","\t\t'video/vnd.ms-playready.media.pyv': 'pyv',","\t\t'video/vnd.uvvu.mp4': ['uvu', 'uvvu'],","\t\t'video/vnd.vivo': 'viv',","\t\t'video/webm': 'webm',","\t\t'video/x-f4v': 'f4v',","\t\t'video/x-fli': 'fli',","\t\t'video/x-flv': 'flv',","\t\t'video/x-m4v': 'm4v',","\t\t'video/x-matroska': ['mkv', 'mk3d', 'mks'],","\t\t'video/x-mng': 'mng',","\t\t'video/x-ms-asf': ['asf', 'asx'],","\t\t'video/x-ms-vob': 'vob',","\t\t'video/x-ms-wm': 'wm',","\t\t'video/x-ms-wmv': 'wmv',","\t\t'video/x-ms-wmx': 'wmx',","\t\t'video/x-ms-wvx': 'wvx',","\t\t'video/x-msvideo': 'avi',","\t\t'video/x-sgi-movie': 'movie'","\t},","","\tlocale: function() {","\t\treturn this.random_element(this.locales);","\t},","","\tcountry_code: function() {","\t\treturn this.random_element(this.country_codes);","\t},","","\tlanguage_code: function() {","\t\treturn this.random_element(this.language_codes);","\t},","","\tcurrency: function() {","\t\treturn this.random_element(this.currencies);","\t},","","\tcurrency_code: function() {","\t\treturn this.random_element(this.currencies).code;","\t},","","\tcurrency_symbol: function() {","\t\treturn this.random_element(this.currencies).symbol;","\t},","","\tcurrency_name: function() {","\t\treturn this.random_element(this.currencies).name;","\t},","","\tmime_type: function() {","\t\treturn this.random_key(this.mime_types);","\t},","","\tfile_extension: function() {","\t\tvar ext = this.random_value(this.mime_types);","\t\treturn typeof ext === 'string' ? ext : this.random_element(ext);","\t},","","\tboolean: function() {","\t\treturn this.coin_flip;","\t},","","\tuuid: function() {"," \t\treturn (b = function (_b) {","\t\t\tfunction b(_x) {","\t\t\t\treturn _b.apply(this, arguments);","\t\t\t}","\t\t\tb.toString = function () {","\t\t\t\treturn _b.toString();"," \t\t\t};","\t\t\treturn b;","\t\t}(function (a) {","\t\t\treturn a ? (a ^ number.random() * 16 >> a / 4).toString(16) : ([1e7] + -1e3 + -4e3 + -8e3 + -1e11).replace(/[018]/g, b);","\t\t}))();","\t}","};","","module.exports = provider;",""],"l":{"1":1,"3":1,"1488":0,"1492":0,"1496":0,"1500":0,"1504":0,"1508":0,"1512":0,"1516":0,"1520":0,"1521":0,"1525":0,"1529":0,"1530":1,"1531":0,"1533":0,"1534":0,"1536":0,"1538":0,"1543":1}},"/home/travis/build/npmtest/node-npmtest-casual/node_modules/casual/src/providers/color.js":{"path":"/home/travis/build/npmtest/node-npmtest-casual/node_modules/casual/src/providers/color.js","s":{"1":1,"2":0,"3":0,"4":0,"5":0,"6":1},"b":{},"f":{"1":0,"2":0,"3":0,"4":0},"fnMap":{"1":{"name":"(anonymous_1)","line":38,"loc":{"start":{"line":38,"column":13},"end":{"line":38,"column":24}}},"2":{"name":"(anonymous_2)","line":42,"loc":{"start":{"line":42,"column":18},"end":{"line":42,"column":29}}},"3":{"name":"(anonymous_3)","line":46,"loc":{"start":{"line":46,"column":10},"end":{"line":46,"column":21}}},"4":{"name":"(anonymous_4)","line":50,"loc":{"start":{"line":50,"column":12},"end":{"line":50,"column":23}}}},"statementMap":{"1":{"start":{"line":1,"column":0},"end":{"line":53,"column":2}},"2":{"start":{"line":39,"column":2},"end":{"line":39,"column":47}},"3":{"start":{"line":43,"column":2},"end":{"line":43,"column":52}},"4":{"start":{"line":47,"column":2},"end":{"line":47,"column":77}},"5":{"start":{"line":51,"column":2},"end":{"line":51,"column":76}},"6":{"start":{"line":55,"column":0},"end":{"line":55,"column":26}}},"branchMap":{},"code":["var provider = {","","\tsafe_color_names: [","\t\t'black', 'maroon', 'green', 'navy', 'olive',","\t\t'purple', 'teal', 'lime', 'blue', 'silver',","\t\t'gray', 'yellow', 'fuchsia', 'aqua', 'white'","\t],","","\tcolor_names: [","\t\t'AliceBlue', 'AntiqueWhite', 'Aqua', 'Aquamarine',","\t\t'Azure', 'Beige', 'Bisque', 'Black', 'BlanchedAlmond',","\t\t'Blue', 'BlueViolet', 'Brown', 'BurlyWood', 'CadetBlue',","\t\t'Chartreuse', 'Chocolate', 'Coral', 'CornflowerBlue',","\t\t'Cornsilk', 'Crimson', 'Cyan', 'DarkBlue', 'DarkCyan',","\t\t'DarkGoldenRod', 'DarkGray', 'DarkGreen', 'DarkKhaki',","\t\t'DarkMagenta', 'DarkOliveGreen', 'Darkorange', 'DarkOrchid',","\t\t'DarkRed', 'DarkSalmon', 'DarkSeaGreen', 'DarkSlateBlue',","\t\t'DarkSlateGray', 'DarkTurquoise', 'DarkViolet', 'DeepPink',","\t\t'DeepSkyBlue', 'DimGray', 'DimGrey', 'DodgerBlue', 'FireBrick',","\t\t'FloralWhite', 'ForestGreen', 'Fuchsia', 'Gainsboro', 'GhostWhite',","\t\t'Gold', 'GoldenRod', 'Gray', 'Green', 'GreenYellow', 'HoneyDew',","\t\t'HotPink', 'IndianRed ', 'Indigo ', 'Ivory', 'Khaki', 'Lavender',","\t\t'LavenderBlush', 'LawnGreen', 'LemonChiffon', 'LightBlue', 'LightCoral',","\t\t'LightCyan', 'LightGoldenRodYellow', 'LightGray', 'LightGreen', 'LightPink',","\t\t'LightSalmon', 'LightSeaGreen', 'LightSkyBlue', 'LightSlateGray', 'LightSteelBlue',","\t\t'LightYellow', 'Lime', 'LimeGreen', 'Linen', 'Magenta', 'Maroon', 'MediumAquaMarine',","\t\t'MediumBlue', 'MediumOrchid', 'MediumPurple', 'MediumSeaGreen', 'MediumSlateBlue',","\t\t'MediumSpringGreen', 'MediumTurquoise', 'MediumVioletRed', 'MidnightBlue',","\t\t'MintCream', 'MistyRose', 'Moccasin', 'NavajoWhite', 'Navy', 'OldLace', 'Olive',","\t\t'OliveDrab', 'Orange', 'OrangeRed', 'Orchid', 'PaleGoldenRod', 'PaleGreen',","\t\t'PaleTurquoise', 'PaleVioletRed', 'PapayaWhip', 'PeachPuff', 'Peru', 'Pink', 'Plum',","\t\t'PowderBlue', 'Purple', 'Red', 'RosyBrown', 'RoyalBlue', 'SaddleBrown', 'Salmon',","\t\t'SandyBrown', 'SeaGreen', 'SeaShell', 'Sienna', 'Silver', 'SkyBlue', 'SlateBlue',","\t\t'SlateGray', 'Snow', 'SpringGreen', 'SteelBlue', 'Tan', 'Teal', 'Thistle', 'Tomato',","\t\t'Turquoise', 'Violet', 'Wheat', 'White', 'WhiteSmoke', 'Yellow', 'YellowGreen'","\t],","","\tcolor_name: function() {","\t\treturn this.random_element(this.color_names);","\t},","","\tsafe_color_name: function() {","\t\treturn this.random_element(this.safe_color_names);","\t},","","\trgb_hex: function() {","\t\treturn '#' + ('000000' + this.integer(0, 16777216).toString(16)).slice(-6);","\t},","","\trgb_array: function() {","\t\treturn [this.integer(0, 255), this.integer(0, 255), this.integer(0, 255)];","\t}","};","","module.exports = provider;",""],"l":{"1":1,"39":0,"43":0,"47":0,"51":0,"55":1}},"/home/travis/build/npmtest/node-npmtest-casual/node_modules/casual/utils/show.js":{"path":"/home/travis/build/npmtest/node-npmtest-casual/node_modules/casual/utils/show.js","s":{"1":2,"2":0,"3":0,"4":0,"5":0,"6":0,"7":0,"8":0,"9":0,"10":0,"11":0,"12":0,"13":0,"14":0,"15":0,"16":0,"17":0,"18":0,"19":0,"20":0,"21":0,"22":0,"23":0,"24":0,"25":0,"26":0,"27":0},"b":{"1":[0,0],"2":[0,0],"3":[0,0],"4":[0,0],"5":[0,0]},"f":{"1":0,"2":0,"3":0},"fnMap":{"1":{"name":"(anonymous_1)","line":18,"loc":{"start":{"line":18,"column":12},"end":{"line":18,"column":26}}},"2":{"name":"(anonymous_2)","line":23,"loc":{"start":{"line":23,"column":19},"end":{"line":23,"column":43}}},"3":{"name":"(anonymous_3)","line":46,"loc":{"start":{"line":46,"column":14},"end":{"line":46,"column":38}}}},"statementMap":{"1":{"start":{"line":1,"column":0},"end":{"line":4,"column":38}},"2":{"start":{"line":6,"column":0},"end":{"line":16,"column":2}},"3":{"start":{"line":18,"column":0},"end":{"line":21,"column":2}},"4":{"start":{"line":19,"column":1},"end":{"line":19,"column":56}},"5":{"start":{"line":20,"column":1},"end":{"line":20,"column":12}},"6":{"start":{"line":23,"column":0},"end":{"line":44,"column":2}},"7":{"start":{"line":24,"column":1},"end":{"line":24,"column":57}},"8":{"start":{"line":26,"column":1},"end":{"line":26,"column":17}},"9":{"start":{"line":27,"column":1},"end":{"line":40,"column":2}},"10":{"start":{"line":28,"column":2},"end":{"line":30,"column":3}},"11":{"start":{"line":29,"column":3},"end":{"line":29,"column":12}},"12":{"start":{"line":32,"column":2},"end":{"line":34,"column":3}},"13":{"start":{"line":33,"column":3},"end":{"line":33,"column":12}},"14":{"start":{"line":36,"column":2},"end":{"line":39,"column":5}},"15":{"start":{"line":42,"column":1},"end":{"line":42,"column":49}},"16":{"start":{"line":43,"column":1},"end":{"line":43,"column":28}},"17":{"start":{"line":46,"column":0},"end":{"line":57,"column":2}},"18":{"start":{"line":47,"column":1},"end":{"line":47,"column":40}},"19":{"start":{"line":49,"column":1},"end":{"line":56,"column":2}},"20":{"start":{"line":50,"column":2},"end":{"line":50,"column":34}},"21":{"start":{"line":51,"column":8},"end":{"line":56,"column":2}},"22":{"start":{"line":52,"column":2},"end":{"line":52,"column":10}},"23":{"start":{"line":53,"column":2},"end":{"line":53,"column":17}},"24":{"start":{"line":55,"column":2},"end":{"line":55,"column":25}},"25":{"start":{"line":59,"column":0},"end":{"line":61,"column":2}},"26":{"start":{"line":63,"column":0},"end":{"line":65,"column":2}},"27":{"start":{"line":67,"column":0},"end":{"line":67,"column":34}}},"branchMap":{"1":{"line":28,"type":"if","locations":[{"start":{"line":28,"column":2},"end":{"line":28,"column":2}},{"start":{"line":28,"column":2},"end":{"line":28,"column":2}}]},"2":{"line":32,"type":"if","locations":[{"start":{"line":32,"column":2},"end":{"line":32,"column":2}},{"start":{"line":32,"column":2},"end":{"line":32,"column":2}}]},"3":{"line":47,"type":"binary-expr","locations":[{"start":{"line":47,"column":17},"end":{"line":47,"column":27}},{"start":{"line":47,"column":31},"end":{"line":47,"column":38}}]},"4":{"line":49,"type":"if","locations":[{"start":{"line":49,"column":1},"end":{"line":49,"column":1}},{"start":{"line":49,"column":1},"end":{"line":49,"column":1}}]},"5":{"line":51,"type":"if","locations":[{"start":{"line":51,"column":8},"end":{"line":51,"column":8}},{"start":{"line":51,"column":8},"end":{"line":51,"column":8}}]}},"code":["var table = require('text-table'),","    realist = require('realist'),","    casual = require('../'),","    read = require('fs').readFileSync;","","var providers = [","\t'address',","\t'color',","\t'date',","\t'internet',","\t'misc',","\t'number',","\t'payment',","\t'person',","\t'text'","];","","var usage = function(app) {","\tconsole.log(read(__dirname + '/usage.txt').toString());","\tapp.stop();","};","","var render_table = function(provider_name) {","\tprovider = require('../src/providers/' + provider_name);","","\tvar result = [];","\tfor (var generator in provider) {","\t\tif (generator === 'seed') {","\t\t\tcontinue;","\t\t}","","\t\tif (typeof provider[generator] !== 'function') {","\t\t\tcontinue;","\t\t}","","\t\tresult.push([","\t\t\tgenerator,","\t\t\tcasual['_' + generator]()","\t\t]);","\t};","","\tconsole.log('\\nProvider:', provider_name, '\\n');","\tconsole.log(table(result));","};","","var handler = function(opt, provider) {","\tcasual = casual[opt.locale || 'en_US'];","","\tif (!provider) {","\t\tproviders.forEach(render_table);","\t} else if (providers.indexOf(provider) === -1) {","\t\tusage();","\t\tprocess.exit();","\t} else {","\t\trender_table(provider);","\t}","};","","var options = {","\tlocale: ['l', 'locale']","};","","var events = {","\t'option help': usage","};","","realist(handler, options, events);",""],"l":{"1":2,"6":0,"18":0,"19":0,"20":0,"23":0,"24":0,"26":0,"27":0,"28":0,"29":0,"32":0,"33":0,"36":0,"42":0,"43":0,"46":0,"47":0,"49":0,"50":0,"51":0,"52":0,"53":0,"55":0,"59":0,"63":0,"67":0}}}